::1 - - [18/Sep/2021:14:49:02 +0200] "GET / HTTP/1.1" 200 3477 "-" "Mozilla/5.0 (Windows NT 10.0; Win64; x64) AppleWebKit/537.36 (KHTML, like Gecko) Chrome/93.0.4577.82 Safari/537.36"
::1 - - [18/Sep/2021:14:49:02 +0200] "GET /icons/ubuntu-logo.png HTTP/1.1" 200 3623 "http://localhost/" "Mozilla/5.0 (Windows NT 10.0; Win64; x64) AppleWebKit/537.36 (KHTML, like Gecko) Chrome/93.0.4577.82 Safari/537.36"
::1 - - [18/Sep/2021:14:49:02 +0200] "GET /favicon.ico HTTP/1.1" 404 487 "http://localhost/" "Mozilla/5.0 (Windows NT 10.0; Win64; x64) AppleWebKit/537.36 (KHTML, like Gecko) Chrome/93.0.4577.82 Safari/537.36"
::1 - - [18/Sep/2021:14:49:54 +0200] "-" 408 0 "-" "-"
::1 - - [18/Sep/2021:14:52:49 +0200] "-" 408 0 "-" "-"
::1 - - [18/Sep/2021:14:52:49 +0200] "-" 408 0 "-" "-"
172.27.144.1 - - [18/Sep/2021:14:58:09 +0200] "GET / HTTP/1.1" 200 3477 "-" "Mozilla/5.0 (Windows NT 10.0; Win64; x64) AppleWebKit/537.36 (KHTML, like Gecko) Chrome/93.0.4577.82 Safari/537.36"
172.27.144.1 - - [18/Sep/2021:14:58:09 +0200] "GET /icons/ubuntu-logo.png HTTP/1.1" 200 3623 "http://172.27.144.207/" "Mozilla/5.0 (Windows NT 10.0; Win64; x64) AppleWebKit/537.36 (KHTML, like Gecko) Chrome/93.0.4577.82 Safari/537.36"
172.27.144.1 - - [18/Sep/2021:14:58:10 +0200] "GET /favicon.ico HTTP/1.1" 404 492 "http://172.27.144.207/" "Mozilla/5.0 (Windows NT 10.0; Win64; x64) AppleWebKit/537.36 (KHTML, like Gecko) Chrome/93.0.4577.82 Safari/537.36"
172.27.144.1 - - [18/Sep/2021:14:59:01 +0200] "-" 408 0 "-" "-"
::1 - - [18/Sep/2021:15:20:17 +0200] "GET / HTTP/1.1" 200 3477 "-" "Mozilla/5.0 (Windows NT 10.0; Win64; x64) AppleWebKit/537.36 (KHTML, like Gecko) Chrome/93.0.4577.82 Safari/537.36"
::1 - - [18/Sep/2021:15:20:24 +0200] "GET / HTTP/1.1" 200 3477 "-" "Mozilla/5.0 (Windows NT 10.0; Win64; x64) AppleWebKit/537.36 (KHTML, like Gecko) Chrome/93.0.4577.82 Safari/537.36"
::1 - - [18/Sep/2021:15:21:16 +0200] "-" 408 0 "-" "-"
172.27.144.1 - - [18/Sep/2021:15:21:16 +0200] "GET / HTTP/1.1" 200 3477 "-" "Mozilla/5.0 (Windows NT 10.0; Win64; x64) AppleWebKit/537.36 (KHTML, like Gecko) Chrome/93.0.4577.82 Safari/537.36"
172.27.144.1 - - [18/Sep/2021:15:22:09 +0200] "-" 408 0 "-" "-"
::1 - - [18/Sep/2021:15:25:15 +0200] "-" 408 0 "-" "-"
::1 - - [18/Sep/2021:15:25:15 +0200] "-" 408 0 "-" "-"
::1 - - [18/Sep/2021:16:38:07 +0200] "GET / HTTP/1.1" 200 3477 "-" "Mozilla/5.0 (Windows NT 10.0; Win64; x64; rv:92.0) Gecko/20100101 Firefox/92.0"
::1 - - [18/Sep/2021:16:38:08 +0200] "GET /icons/ubuntu-logo.png HTTP/1.1" 200 3624 "http://localhost/" "Mozilla/5.0 (Windows NT 10.0; Win64; x64; rv:92.0) Gecko/20100101 Firefox/92.0"
::1 - - [18/Sep/2021:16:38:08 +0200] "GET /favicon.ico HTTP/1.1" 404 487 "http://localhost/" "Mozilla/5.0 (Windows NT 10.0; Win64; x64; rv:92.0) Gecko/20100101 Firefox/92.0"
::1 - - [22/Sep/2021:14:23:18 +0200] "GET / HTTP/1.1" 200 3477 "-" "Mozilla/5.0 (Windows NT 10.0; Win64; x64) AppleWebKit/537.36 (KHTML, like Gecko) Chrome/93.0.4577.82 Safari/537.36"
::1 - - [22/Sep/2021:14:23:18 +0200] "GET /icons/ubuntu-logo.png HTTP/1.1" 200 3623 "http://localhost/" "Mozilla/5.0 (Windows NT 10.0; Win64; x64) AppleWebKit/537.36 (KHTML, like Gecko) Chrome/93.0.4577.82 Safari/537.36"
::1 - - [22/Sep/2021:14:23:19 +0200] "GET /favicon.ico HTTP/1.1" 404 487 "http://localhost/" "Mozilla/5.0 (Windows NT 10.0; Win64; x64) AppleWebKit/537.36 (KHTML, like Gecko) Chrome/93.0.4577.82 Safari/537.36"
::1 - - [22/Sep/2021:14:23:29 +0200] "GET /cgi-bin HTTP/1.1" 404 488 "-" "Mozilla/5.0 (Windows NT 10.0; Win64; x64) AppleWebKit/537.36 (KHTML, like Gecko) Chrome/93.0.4577.82 Safari/537.36"
::1 - - [22/Sep/2021:14:24:21 +0200] "-" 408 0 "-" "-"
::1 - - [22/Sep/2021:14:24:45 +0200] "GET /cgi-bin/scr.cgi HTTP/1.1" 404 488 "-" "Mozilla/5.0 (Windows NT 10.0; Win64; x64) AppleWebKit/537.36 (KHTML, like Gecko) Chrome/93.0.4577.82 Safari/537.36"
::1 - - [22/Sep/2021:14:25:37 +0200] "-" 408 0 "-" "-"
::1 - - [22/Sep/2021:14:26:08 +0200] "GET /mnt/c/Users/kataya1/Projects/ITI-projects/apache%20day%201/lab2%20bash%20webapplication/cgi-bin/scr.cgi HTTP/1.1" 404 488 "-" "Mozilla/5.0 (Windows NT 10.0; Win64; x64) AppleWebKit/537.36 (KHTML, like Gecko) Chrome/93.0.4577.82 Safari/537.36"
::1 - - [22/Sep/2021:14:26:16 +0200] "GET /mnt/c/Users/kataya1/Projects/ITI-projects/apache%20day%201/lab2%20bash%20webapplication/cgi-bin/scr.cgi HTTP/1.1" 404 488 "-" "Mozilla/5.0 (Windows NT 10.0; Win64; x64) AppleWebKit/537.36 (KHTML, like Gecko) Chrome/93.0.4577.82 Safari/537.36"
::1 - - [22/Sep/2021:14:26:47 +0200] "GET /mnt/c/Users/kataya1/Projects/ITI-projects/apache%20day%201/lab2%20bash%20webapplication/cgi-bin/script/sh HTTP/1.1" 404 488 "-" "Mozilla/5.0 (Windows NT 10.0; Win64; x64) AppleWebKit/537.36 (KHTML, like Gecko) Chrome/93.0.4577.82 Safari/537.36"
::1 - - [22/Sep/2021:14:26:55 +0200] "GET /mnt/c/Users/kataya1/Projects/ITI-projects/apache%20day%201/lab2%20bash%20webapplication/cgi-bin/script.sh HTTP/1.1" 404 488 "-" "Mozilla/5.0 (Windows NT 10.0; Win64; x64) AppleWebKit/537.36 (KHTML, like Gecko) Chrome/93.0.4577.82 Safari/537.36"
::1 - - [22/Sep/2021:14:27:48 +0200] "-" 408 0 "-" "-"
::1 - - [22/Sep/2021:14:29:28 +0200] "GET /cgi-bin/scr.cgi HTTP/1.1" 200 357 "-" "Mozilla/5.0 (Windows NT 10.0; Win64; x64) AppleWebKit/537.36 (KHTML, like Gecko) Chrome/93.0.4577.82 Safari/537.36"
::1 - - [22/Sep/2021:14:30:21 +0200] "-" 408 0 "-" "-"
::1 - - [22/Sep/2021:14:30:24 +0200] "GET /cgi-bin/scr1.pl HTTP/1.1" 200 286 "-" "Mozilla/5.0 (Windows NT 10.0; Win64; x64) AppleWebKit/537.36 (KHTML, like Gecko) Chrome/93.0.4577.82 Safari/537.36"
::1 - - [22/Sep/2021:14:30:33 +0200] "GET /cgi-bin/scr1.pl HTTP/1.1" 304 179 "-" "Mozilla/5.0 (Windows NT 10.0; Win64; x64) AppleWebKit/537.36 (KHTML, like Gecko) Chrome/93.0.4577.82 Safari/537.36"
::1 - - [22/Sep/2021:14:30:53 +0200] "GET /cgi-bin/script.sh HTTP/1.1" 200 359 "-" "Mozilla/5.0 (Windows NT 10.0; Win64; x64) AppleWebKit/537.36 (KHTML, like Gecko) Chrome/93.0.4577.82 Safari/537.36"
::1 - - [22/Sep/2021:14:31:45 +0200] "-" 408 0 "-" "-"
::1 - - [22/Sep/2021:14:31:47 +0200] "GET /cgi-bin/script.sh HTTP/1.1" 200 359 "-" "Mozilla/5.0 (Windows NT 10.0; Win64; x64) AppleWebKit/537.36 (KHTML, like Gecko) Chrome/93.0.4577.82 Safari/537.36"
::1 - - [22/Sep/2021:14:31:52 +0200] "GET /cgi-bin/script.sh HTTP/1.1" 200 359 "-" "Mozilla/5.0 (Windows NT 10.0; Win64; x64) AppleWebKit/537.36 (KHTML, like Gecko) Chrome/93.0.4577.82 Safari/537.36"
::1 - - [22/Sep/2021:14:31:54 +0200] "GET /cgi-bin/scr1.pl HTTP/1.1" 200 285 "-" "Mozilla/5.0 (Windows NT 10.0; Win64; x64) AppleWebKit/537.36 (KHTML, like Gecko) Chrome/93.0.4577.82 Safari/537.36"
::1 - - [22/Sep/2021:14:31:56 +0200] "GET /cgi-bin/script.sh HTTP/1.1" 200 358 "-" "Mozilla/5.0 (Windows NT 10.0; Win64; x64) AppleWebKit/537.36 (KHTML, like Gecko) Chrome/93.0.4577.82 Safari/537.36"
::1 - - [22/Sep/2021:14:32:44 +0200] "-" 408 0 "-" "-"
::1 - - [22/Sep/2021:14:44:10 +0200] "GET /cgi-bin/scr.cgi HTTP/1.1" 200 376 "-" "Mozilla/5.0 (Windows NT 10.0; Win64; x64) AppleWebKit/537.36 (KHTML, like Gecko) Chrome/93.0.4577.82 Safari/537.36"
::1 - - [22/Sep/2021:14:44:20 +0200] "GET /cgi-bin/scr1.pl HTTP/1.1" 200 360 "-" "Mozilla/5.0 (Windows NT 10.0; Win64; x64) AppleWebKit/537.36 (KHTML, like Gecko) Chrome/93.0.4577.82 Safari/537.36"
::1 - - [22/Sep/2021:14:44:22 +0200] "GET /cgi-bin/scr1.pl HTTP/1.1" 304 179 "-" "Mozilla/5.0 (Windows NT 10.0; Win64; x64) AppleWebKit/537.36 (KHTML, like Gecko) Chrome/93.0.4577.82 Safari/537.36"
::1 - - [22/Sep/2021:14:44:32 +0200] "GET /cgi-bin/script.sh HTTP/1.1" 200 359 "-" "Mozilla/5.0 (Windows NT 10.0; Win64; x64) AppleWebKit/537.36 (KHTML, like Gecko) Chrome/93.0.4577.82 Safari/537.36"
::1 - - [22/Sep/2021:14:44:40 +0200] "GET /cgi-bin/script2.sh HTTP/1.1" 200 401 "-" "Mozilla/5.0 (Windows NT 10.0; Win64; x64) AppleWebKit/537.36 (KHTML, like Gecko) Chrome/93.0.4577.82 Safari/537.36"
::1 - - [22/Sep/2021:14:45:33 +0200] "-" 408 0 "-" "-"
::1 - - [22/Sep/2021:14:50:00 +0200] "GET /cgi-bin/script2.sh HTTP/1.1" 304 180 "-" "Mozilla/5.0 (Windows NT 10.0; Win64; x64) AppleWebKit/537.36 (KHTML, like Gecko) Chrome/93.0.4577.82 Safari/537.36"
::1 - - [22/Sep/2021:14:50:52 +0200] "-" 408 0 "-" "-"
::1 - - [22/Sep/2021:14:57:04 +0200] "GET /cgi-bin/script2 HTTP/1.1" 404 488 "-" "Mozilla/5.0 (Windows NT 10.0; Win64; x64) AppleWebKit/537.36 (KHTML, like Gecko) Chrome/93.0.4577.82 Safari/537.36"
::1 - - [22/Sep/2021:14:57:06 +0200] "GET /cgi-bin/script2 HTTP/1.1" 404 487 "-" "Mozilla/5.0 (Windows NT 10.0; Win64; x64) AppleWebKit/537.36 (KHTML, like Gecko) Chrome/93.0.4577.82 Safari/537.36"
::1 - - [22/Sep/2021:14:57:37 +0200] "GET /cgi-bin/script2 HTTP/1.1" 404 488 "-" "Mozilla/5.0 (Windows NT 10.0; Win64; x64) AppleWebKit/537.36 (KHTML, like Gecko) Chrome/93.0.4577.82 Safari/537.36"
::1 - - [22/Sep/2021:14:58:04 +0200] "GET /cgi-bin/script.sh HTTP/1.1" 304 180 "-" "Mozilla/5.0 (Windows NT 10.0; Win64; x64) AppleWebKit/537.36 (KHTML, like Gecko) Chrome/93.0.4577.82 Safari/537.36"
::1 - - [22/Sep/2021:14:58:14 +0200] "GET /cgi-bin/scr1.pl HTTP/1.1" 304 180 "-" "Mozilla/5.0 (Windows NT 10.0; Win64; x64) AppleWebKit/537.36 (KHTML, like Gecko) Chrome/93.0.4577.82 Safari/537.36"
::1 - - [22/Sep/2021:14:58:32 +0200] "GET /cgi-bin/scr.cgi HTTP/1.1" 304 180 "-" "Mozilla/5.0 (Windows NT 10.0; Win64; x64) AppleWebKit/537.36 (KHTML, like Gecko) Chrome/93.0.4577.82 Safari/537.36"
::1 - - [22/Sep/2021:14:59:25 +0200] "-" 408 0 "-" "-"
::1 - - [22/Sep/2021:15:00:04 +0200] "GET /cgi-bin/scr.cgi HTTP/1.1" 404 488 "-" "Mozilla/5.0 (Windows NT 10.0; Win64; x64) AppleWebKit/537.36 (KHTML, like Gecko) Chrome/93.0.4577.82 Safari/537.36"
::1 - - [22/Sep/2021:15:00:21 +0200] "GET /cgi-bin/scr.cgi HTTP/1.1" 404 488 "-" "Mozilla/5.0 (Windows NT 10.0; Win64; x64) AppleWebKit/537.36 (KHTML, like Gecko) Chrome/93.0.4577.82 Safari/537.36"
::1 - - [22/Sep/2021:15:00:24 +0200] "GET /cgi-bin/scr.cgi HTTP/1.1" 404 487 "-" "Mozilla/5.0 (Windows NT 10.0; Win64; x64) AppleWebKit/537.36 (KHTML, like Gecko) Chrome/93.0.4577.82 Safari/537.36"
::1 - - [22/Sep/2021:15:00:29 +0200] "GET /cgi-bin/scr1.pl HTTP/1.1" 404 488 "-" "Mozilla/5.0 (Windows NT 10.0; Win64; x64) AppleWebKit/537.36 (KHTML, like Gecko) Chrome/93.0.4577.82 Safari/537.36"
::1 - - [22/Sep/2021:15:00:32 +0200] "GET /cgi-bin/scr1.pl HTTP/1.1" 404 487 "-" "Mozilla/5.0 (Windows NT 10.0; Win64; x64) AppleWebKit/537.36 (KHTML, like Gecko) Chrome/93.0.4577.82 Safari/537.36"
::1 - - [22/Sep/2021:15:01:07 +0200] "GET /usr/lib/cgi-bin/scr1.pl HTTP/1.1" 404 488 "-" "Mozilla/5.0 (Windows NT 10.0; Win64; x64) AppleWebKit/537.36 (KHTML, like Gecko) Chrome/93.0.4577.82 Safari/537.36"
::1 - - [22/Sep/2021:15:01:10 +0200] "GET /usr/lib/cgi-bin/scr1.pl HTTP/1.1" 404 487 "-" "Mozilla/5.0 (Windows NT 10.0; Win64; x64) AppleWebKit/537.36 (KHTML, like Gecko) Chrome/93.0.4577.82 Safari/537.36"
::1 - - [22/Sep/2021:15:01:25 +0200] "GET /usr/lib/cgi-bin/scr.cgi HTTP/1.1" 404 488 "-" "Mozilla/5.0 (Windows NT 10.0; Win64; x64) AppleWebKit/537.36 (KHTML, like Gecko) Chrome/93.0.4577.82 Safari/537.36"
::1 - - [22/Sep/2021:15:01:27 +0200] "GET /usr/lib/cgi-bin/scr.cgi HTTP/1.1" 404 487 "-" "Mozilla/5.0 (Windows NT 10.0; Win64; x64) AppleWebKit/537.36 (KHTML, like Gecko) Chrome/93.0.4577.82 Safari/537.36"
::1 - - [22/Sep/2021:15:02:17 +0200] "-" 408 0 "-" "-"
::1 - - [22/Sep/2021:15:03:54 +0200] "GET /usr/lib/cgi-bin/scr.cgi HTTP/1.1" 404 488 "-" "Mozilla/5.0 (Windows NT 10.0; Win64; x64) AppleWebKit/537.36 (KHTML, like Gecko) Chrome/93.0.4577.82 Safari/537.36"
::1 - - [22/Sep/2021:15:04:05 +0200] "GET /cgi-bin/scr.cgi HTTP/1.1" 404 488 "-" "Mozilla/5.0 (Windows NT 10.0; Win64; x64) AppleWebKit/537.36 (KHTML, like Gecko) Chrome/93.0.4577.82 Safari/537.36"
::1 - - [22/Sep/2021:15:04:57 +0200] "-" 408 0 "-" "-"
::1 - - [22/Sep/2021:15:05:49 +0200] "GET /cgi-bin/scr.cgi HTTP/1.1" 200 376 "-" "Mozilla/5.0 (Windows NT 10.0; Win64; x64) AppleWebKit/537.36 (KHTML, like Gecko) Chrome/93.0.4577.82 Safari/537.36"
::1 - - [22/Sep/2021:15:06:41 +0200] "-" 408 0 "-" "-"
::1 - - [22/Sep/2021:15:10:28 +0200] "GET /cgi-bin/script.sh HTTP/1.1" 200 359 "-" "Mozilla/5.0 (Windows NT 10.0; Win64; x64) AppleWebKit/537.36 (KHTML, like Gecko) Chrome/93.0.4577.82 Safari/537.36"
::1 - - [22/Sep/2021:15:10:37 +0200] "GET /cgi-bin/script2.sh HTTP/1.1" 200 401 "-" "Mozilla/5.0 (Windows NT 10.0; Win64; x64) AppleWebKit/537.36 (KHTML, like Gecko) Chrome/93.0.4577.82 Safari/537.36"
::1 - - [22/Sep/2021:15:11:30 +0200] "-" 408 0 "-" "-"
127.0.0.1 - - [22/Sep/2021:15:13:48 +0200] "GET / HTTP/1.1" 200 11173 "-" "curl/7.68.0"
::1 - - [22/Sep/2021:15:15:30 +0200] "-" 408 0 "-" "-"
::1 - - [22/Sep/2021:15:15:30 +0200] "-" 408 0 "-" "-"
::1 - - [22/Sep/2021:15:34:38 +0200] "GET /cgi-bin/script.sh HTTP/1.1" 500 799 "-" "Mozilla/5.0 (Windows NT 10.0; Win64; x64) AppleWebKit/537.36 (KHTML, like Gecko) Chrome/93.0.4577.82 Safari/537.36"
::1 - - [22/Sep/2021:15:34:45 +0200] "GET /cgi-bin/script1.sh HTTP/1.1" 404 488 "-" "Mozilla/5.0 (Windows NT 10.0; Win64; x64) AppleWebKit/537.36 (KHTML, like Gecko) Chrome/93.0.4577.82 Safari/537.36"
::1 - - [22/Sep/2021:15:34:53 +0200] "GET /cgi-bin/scr1.pl HTTP/1.1" 200 202 "-" "Mozilla/5.0 (Windows NT 10.0; Win64; x64) AppleWebKit/537.36 (KHTML, like Gecko) Chrome/93.0.4577.82 Safari/537.36"
::1 - - [22/Sep/2021:15:35:45 +0200] "-" 408 0 "-" "-"
::1 - - [22/Sep/2021:15:36:08 +0200] "GET /cgi-bin/script2.sh HTTP/1.1" 500 799 "-" "Mozilla/5.0 (Windows NT 10.0; Win64; x64) AppleWebKit/537.36 (KHTML, like Gecko) Chrome/93.0.4577.82 Safari/537.36"
::1 - - [22/Sep/2021:15:36:37 +0200] "GET /cgi-bin/script2.sh HTTP/1.1" 500 799 "-" "Mozilla/5.0 (Windows NT 10.0; Win64; x64) AppleWebKit/537.36 (KHTML, like Gecko) Chrome/93.0.4577.82 Safari/537.36"
::1 - - [22/Sep/2021:15:36:40 +0200] "GET /cgi-bin/script2.sh HTTP/1.1" 500 799 "-" "Mozilla/5.0 (Windows NT 10.0; Win64; x64) AppleWebKit/537.36 (KHTML, like Gecko) Chrome/93.0.4577.82 Safari/537.36"
::1 - - [22/Sep/2021:15:37:32 +0200] "-" 408 0 "-" "-"
::1 - - [22/Sep/2021:15:38:24 +0200] "GET /cgi-bin/script2.sh HTTP/1.1" 200 202 "-" "Mozilla/5.0 (Windows NT 10.0; Win64; x64) AppleWebKit/537.36 (KHTML, like Gecko) Chrome/93.0.4577.82 Safari/537.36"
127.0.0.1 - - [22/Sep/2021:15:38:56 +0200] "GET /cgi-bin/script2.sh HTTP/1.1" 200 146 "-" "curl/7.68.0"
::1 - - [22/Sep/2021:15:39:17 +0200] "-" 408 0 "-" "-"
::1 - - [22/Sep/2021:15:40:00 +0200] "GET /cgi-bin/scr.cgi HTTP/1.1" 500 799 "-" "Mozilla/5.0 (Windows NT 10.0; Win64; x64) AppleWebKit/537.36 (KHTML, like Gecko) Chrome/93.0.4577.82 Safari/537.36"
::1 - - [22/Sep/2021:15:40:49 +0200] "GET /cgi-bin/scr.cgi HTTP/1.1" 500 799 "-" "Mozilla/5.0 (Windows NT 10.0; Win64; x64) AppleWebKit/537.36 (KHTML, like Gecko) Chrome/93.0.4577.82 Safari/537.36"
::1 - - [22/Sep/2021:15:41:42 +0200] "-" 408 0 "-" "-"
::1 - - [22/Sep/2021:15:42:30 +0200] "GET /cgi-bin/script.sh HTTP/1.1" 500 799 "-" "Mozilla/5.0 (Windows NT 10.0; Win64; x64) AppleWebKit/537.36 (KHTML, like Gecko) Chrome/93.0.4577.82 Safari/537.36"
::1 - - [22/Sep/2021:15:43:23 +0200] "-" 408 0 "-" "-"
::1 - - [22/Sep/2021:15:46:07 +0200] "GET /cgi-bin/script2.sh HTTP/1.1" 200 241 "-" "Mozilla/5.0 (Windows NT 10.0; Win64; x64) AppleWebKit/537.36 (KHTML, like Gecko) Chrome/93.0.4577.82 Safari/537.36"
::1 - - [22/Sep/2021:15:47:00 +0200] "-" 408 0 "-" "-"
::1 - - [22/Sep/2021:15:50:20 +0200] "GET /cgi-bin/hello.py HTTP/1.1" 500 799 "-" "Mozilla/5.0 (Windows NT 10.0; Win64; x64) AppleWebKit/537.36 (KHTML, like Gecko) Chrome/93.0.4577.82 Safari/537.36"
::1 - - [22/Sep/2021:15:50:42 +0200] "GET /cgi-bin/hello.py HTTP/1.1" 500 799 "-" "Mozilla/5.0 (Windows NT 10.0; Win64; x64) AppleWebKit/537.36 (KHTML, like Gecko) Chrome/93.0.4577.82 Safari/537.36"
::1 - - [22/Sep/2021:15:51:35 +0200] "-" 408 0 "-" "-"
::1 - - [22/Sep/2021:15:54:14 +0200] "GET /cgi-bin/hello.py HTTP/1.1" 500 799 "-" "Mozilla/5.0 (Windows NT 10.0; Win64; x64) AppleWebKit/537.36 (KHTML, like Gecko) Chrome/93.0.4577.82 Safari/537.36"
::1 - - [22/Sep/2021:15:54:28 +0200] "GET /cgi-bin/script.sh HTTP/1.1" 500 799 "-" "Mozilla/5.0 (Windows NT 10.0; Win64; x64) AppleWebKit/537.36 (KHTML, like Gecko) Chrome/93.0.4577.82 Safari/537.36"
::1 - - [22/Sep/2021:15:54:34 +0200] "GET /cgi-bin/script2.sh HTTP/1.1" 200 241 "-" "Mozilla/5.0 (Windows NT 10.0; Win64; x64) AppleWebKit/537.36 (KHTML, like Gecko) Chrome/93.0.4577.82 Safari/537.36"
::1 - - [22/Sep/2021:15:55:26 +0200] "-" 408 0 "-" "-"
::1 - - [22/Sep/2021:15:56:42 +0200] "GET /cgi-bin/script2.sh HTTP/1.1" 200 241 "-" "Mozilla/5.0 (Windows NT 10.0; Win64; x64) AppleWebKit/537.36 (KHTML, like Gecko) Chrome/93.0.4577.82 Safari/537.36"
::1 - - [22/Sep/2021:15:56:49 +0200] "GET /cgi-bin/hello.py HTTP/1.1" 500 799 "-" "Mozilla/5.0 (Windows NT 10.0; Win64; x64) AppleWebKit/537.36 (KHTML, like Gecko) Chrome/93.0.4577.82 Safari/537.36"
::1 - - [22/Sep/2021:15:57:42 +0200] "-" 408 0 "-" "-"
::1 - - [22/Sep/2021:15:58:35 +0200] "GET /cgi-bin/hello.py HTTP/1.1" 500 799 "-" "Mozilla/5.0 (Windows NT 10.0; Win64; x64) AppleWebKit/537.36 (KHTML, like Gecko) Chrome/93.0.4577.82 Safari/537.36"
::1 - - [22/Sep/2021:15:59:28 +0200] "-" 408 0 "-" "-"
::1 - - [22/Sep/2021:15:59:55 +0200] "GET /cgi-bin/hello.py HTTP/1.1" 200 203 "-" "Mozilla/5.0 (Windows NT 10.0; Win64; x64) AppleWebKit/537.36 (KHTML, like Gecko) Chrome/93.0.4577.82 Safari/537.36"
::1 - - [22/Sep/2021:16:00:47 +0200] "-" 408 0 "-" "-"
::1 - - [22/Sep/2021:16:04:35 +0200] "GET /cgi-bin/script2.sh HTTP/1.1" 200 248 "-" "Mozilla/5.0 (Windows NT 10.0; Win64; x64) AppleWebKit/537.36 (KHTML, like Gecko) Chrome/93.0.4577.82 Safari/537.36"
::1 - - [22/Sep/2021:16:05:27 +0200] "-" 408 0 "-" "-"
::1 - - [22/Sep/2021:16:12:02 +0200] "GET /cgi-bin/hello.py HTTP/1.1" 200 513 "-" "Mozilla/5.0 (Windows NT 10.0; Win64; x64) AppleWebKit/537.36 (KHTML, like Gecko) Chrome/93.0.4577.82 Safari/537.36"
::1 - - [22/Sep/2021:16:12:54 +0200] "-" 408 0 "-" "-"
::1 - - [22/Sep/2021:16:14:17 +0200] "GET /cgi-bin/hello.py HTTP/1.1" 200 594 "-" "Mozilla/5.0 (Windows NT 10.0; Win64; x64) AppleWebKit/537.36 (KHTML, like Gecko) Chrome/93.0.4577.82 Safari/537.36"
::1 - - [22/Sep/2021:16:15:06 +0200] "GET /cgi-bin/hello.py HTTP/1.1" 200 597 "-" "Mozilla/5.0 (Windows NT 10.0; Win64; x64) AppleWebKit/537.36 (KHTML, like Gecko) Chrome/93.0.4577.82 Safari/537.36"
::1 - - [22/Sep/2021:16:15:58 +0200] "-" 408 0 "-" "-"
::1 - - [22/Sep/2021:16:20:04 +0200] "GET /cgi-bin/hello.py HTTP/1.1" 200 597 "-" "Mozilla/5.0 (Windows NT 10.0; Win64; x64) AppleWebKit/537.36 (KHTML, like Gecko) Chrome/93.0.4577.82 Safari/537.36"
::1 - - [22/Sep/2021:16:20:08 +0200] "GET /cgi-bin/hello.py HTTP/1.1" 200 596 "-" "Mozilla/5.0 (Windows NT 10.0; Win64; x64) AppleWebKit/537.36 (KHTML, like Gecko) Chrome/93.0.4577.82 Safari/537.36"
::1 - - [22/Sep/2021:16:20:57 +0200] "-" 408 0 "-" "-"
::1 - - [22/Sep/2021:16:20:59 +0200] "GET /cgi-bin/hello.py HTTP/1.1" 200 597 "-" "Mozilla/5.0 (Windows NT 10.0; Win64; x64) AppleWebKit/537.36 (KHTML, like Gecko) Chrome/93.0.4577.82 Safari/537.36"
::1 - - [22/Sep/2021:16:21:01 +0200] "GET /cgi-bin/hello.py HTTP/1.1" 200 596 "-" "Mozilla/5.0 (Windows NT 10.0; Win64; x64) AppleWebKit/537.36 (KHTML, like Gecko) Chrome/93.0.4577.82 Safari/537.36"
::1 - - [22/Sep/2021:16:21:41 +0200] "GET /cgi-bin/hello.py HTTP/1.1" 200 597 "-" "Mozilla/5.0 (Windows NT 10.0; Win64; x64) AppleWebKit/537.36 (KHTML, like Gecko) Chrome/93.0.4577.82 Safari/537.36"
::1 - - [22/Sep/2021:16:21:43 +0200] "GET /cgi-bin/hello.py HTTP/1.1" 200 596 "-" "Mozilla/5.0 (Windows NT 10.0; Win64; x64) AppleWebKit/537.36 (KHTML, like Gecko) Chrome/93.0.4577.82 Safari/537.36"
::1 - - [22/Sep/2021:16:22:20 +0200] "GET /cgi-bin/hello.py HTTP/1.1" 200 603 "-" "Mozilla/5.0 (Windows NT 10.0; Win64; x64) AppleWebKit/537.36 (KHTML, like Gecko) Chrome/93.0.4577.82 Safari/537.36"
::1 - - [22/Sep/2021:16:23:12 +0200] "-" 408 0 "-" "-"
::1 - - [22/Sep/2021:16:25:22 +0200] "GET /scrip2.sh HTTP/1.1" 403 491 "-" "Mozilla/5.0 (Windows NT 10.0; Win64; x64) AppleWebKit/537.36 (KHTML, like Gecko) Chrome/93.0.4577.82 Safari/537.36"
::1 - - [22/Sep/2021:16:25:30 +0200] "GET /script2.sh HTTP/1.1" 403 491 "-" "Mozilla/5.0 (Windows NT 10.0; Win64; x64) AppleWebKit/537.36 (KHTML, like Gecko) Chrome/93.0.4577.82 Safari/537.36"
::1 - - [22/Sep/2021:16:25:41 +0200] "GET /cgi-bin/script.sh HTTP/1.1" 500 799 "-" "Mozilla/5.0 (Windows NT 10.0; Win64; x64) AppleWebKit/537.36 (KHTML, like Gecko) Chrome/93.0.4577.82 Safari/537.36"
::1 - - [22/Sep/2021:16:25:48 +0200] "GET /cgi-bin/script2.sh HTTP/1.1" 200 242 "-" "Mozilla/5.0 (Windows NT 10.0; Win64; x64) AppleWebKit/537.36 (KHTML, like Gecko) Chrome/93.0.4577.82 Safari/537.36"
::1 - - [22/Sep/2021:16:26:00 +0200] "GET /cgi-bin/hello.py HTTP/1.1" 200 603 "-" "Mozilla/5.0 (Windows NT 10.0; Win64; x64) AppleWebKit/537.36 (KHTML, like Gecko) Chrome/93.0.4577.82 Safari/537.36"
::1 - - [22/Sep/2021:16:26:52 +0200] "-" 408 0 "-" "-"
::1 - - [22/Sep/2021:16:26:59 +0200] "GET /cgi-bin/hello.py HTTP/1.1" 200 603 "-" "Mozilla/5.0 (Windows NT 10.0; Win64; x64) AppleWebKit/537.36 (KHTML, like Gecko) Chrome/93.0.4577.82 Safari/537.36"
::1 - - [22/Sep/2021:16:27:01 +0200] "GET /cgi-bin/hello.py HTTP/1.1" 200 602 "-" "Mozilla/5.0 (Windows NT 10.0; Win64; x64) AppleWebKit/537.36 (KHTML, like Gecko) Chrome/93.0.4577.82 Safari/537.36"
::1 - - [22/Sep/2021:16:27:51 +0200] "-" 408 0 "-" "-"
::1 - - [22/Sep/2021:16:28:20 +0200] "GET /cgi-bin/hello.py HTTP/1.1" 200 603 "-" "Mozilla/5.0 (Windows NT 10.0; Win64; x64) AppleWebKit/537.36 (KHTML, like Gecko) Chrome/93.0.4577.82 Safari/537.36"
::1 - - [22/Sep/2021:16:28:22 +0200] "GET /cgi-bin/hello.py HTTP/1.1" 200 602 "-" "Mozilla/5.0 (Windows NT 10.0; Win64; x64) AppleWebKit/537.36 (KHTML, like Gecko) Chrome/93.0.4577.82 Safari/537.36"
::1 - - [22/Sep/2021:16:29:13 +0200] "-" 408 0 "-" "-"
::1 - - [22/Sep/2021:16:53:14 +0200] "GET /cgi-bin/hello.py HTTP/1.1" 200 196 "-" "Mozilla/5.0 (Windows NT 10.0; Win64; x64) AppleWebKit/537.36 (KHTML, like Gecko) Chrome/93.0.4577.82 Safari/537.36"
::1 - - [22/Sep/2021:16:54:07 +0200] "-" 408 0 "-" "-"
::1 - - [22/Sep/2021:16:54:12 +0200] "GET /cgi-bin/hello.py HTTP/1.1" 200 196 "-" "Mozilla/5.0 (Windows NT 10.0; Win64; x64) AppleWebKit/537.36 (KHTML, like Gecko) Chrome/93.0.4577.82 Safari/537.36"
::1 - - [22/Sep/2021:16:55:04 +0200] "-" 408 0 "-" "-"
127.0.0.1 - - [22/Sep/2021:16:57:34 +0200] "GET / HTTP/1.1" 200 11173 "-" "curl/7.68.0"
127.0.0.1 - - [22/Sep/2021:16:57:56 +0200] "GET /cig-bin/hello.py HTTP/1.1" 404 432 "-" "curl/7.68.0"
127.0.0.1 - - [22/Sep/2021:16:58:11 +0200] "GET /cgi-bin/hello.py HTTP/1.1" 200 140 "-" "curl/7.68.0"
127.0.0.1 - - [22/Sep/2021:17:00:06 +0200] "GET /cgi-bin/hello.py HTTP/1.1" 200 140 "-" "curl/7.68.0"
127.0.0.1 - - [22/Sep/2021:17:01:40 +0200] "GET /cgi-bin/hello.py HTTP/1.1" 200 140 "-" "curl/7.68.0"
127.0.0.1 - - [22/Sep/2021:17:04:12 +0200] "GET /cgi-bin/hello.py HTTP/1.1" 500 799 "-" "curl/7.68.0"
127.0.0.1 - - [22/Sep/2021:17:04:35 +0200] "GET /cig-bin/hello.py HTTP/1.1" 404 432 "-" "curl/7.68.0"
127.0.0.1 - - [22/Sep/2021:17:04:55 +0200] "GET /cig-bin/hello.py HTTP/1.1" 404 432 "-" "curl/7.68.0"
::1 - - [22/Sep/2021:17:05:05 +0200] "GET /cgi-bin/hello.py HTTP/1.1" 200 196 "-" "Mozilla/5.0 (Windows NT 10.0; Win64; x64) AppleWebKit/537.36 (KHTML, like Gecko) Chrome/93.0.4577.82 Safari/537.36"
::1 - - [22/Sep/2021:17:05:07 +0200] "GET /cgi-bin/hello.py HTTP/1.1" 200 195 "-" "Mozilla/5.0 (Windows NT 10.0; Win64; x64) AppleWebKit/537.36 (KHTML, like Gecko) Chrome/93.0.4577.82 Safari/537.36"
127.0.0.1 - - [22/Sep/2021:17:05:14 +0200] "GET /cgi-bin/hello.py HTTP/1.1" 200 140 "-" "curl/7.68.0"
127.0.0.1 - - [22/Sep/2021:17:05:31 +0200] "GET /cgi-bin/hello.py HTTP/1.1" 200 140 "-" "curl/7.68.0"
::1 - - [22/Sep/2021:17:05:58 +0200] "-" 408 0 "-" "-"
::1 - - [22/Sep/2021:17:07:55 +0200] "GET /cgi-bin/hello.py HTTP/1.1" 200 208 "-" "Mozilla/5.0 (Windows NT 10.0; Win64; x64) AppleWebKit/537.36 (KHTML, like Gecko) Chrome/93.0.4577.82 Safari/537.36"
::1 - - [22/Sep/2021:17:08:47 +0200] "-" 408 0 "-" "-"
::1 - - [22/Sep/2021:17:11:18 +0200] "GET /cgi-bin/hello.py HTTP/1.1" 200 196 "-" "Mozilla/5.0 (Windows NT 10.0; Win64; x64) AppleWebKit/537.36 (KHTML, like Gecko) Chrome/93.0.4577.82 Safari/537.36"
::1 - - [22/Sep/2021:17:12:10 +0200] "-" 408 0 "-" "-"
127.0.0.1 - - [22/Sep/2021:17:23:58 +0200] "GET /cgi-bin/hello.py HTTP/1.1" 200 152 "-" "curl/7.68.0"
127.0.0.1 - - [22/Sep/2021:17:41:04 +0200] "GET /cgi-bin/hello.py HTTP/1.1" 200 195 "-" "curl/7.68.0"
127.0.0.1 - - [22/Sep/2021:17:41:09 +0200] "GET /cgi-bin/hello.py HTTP/1.1" 200 195 "-" "curl/7.68.0"
127.0.0.1 - - [22/Sep/2021:17:41:10 +0200] "GET /cgi-bin/hello.py HTTP/1.1" 200 195 "-" "curl/7.68.0"
::1 - - [22/Sep/2021:17:44:52 +0200] "GET /cgi-bin/hello.py HTTP/1.1" 200 1863 "-" "Mozilla/5.0 (Windows NT 10.0; Win64; x64) AppleWebKit/537.36 (KHTML, like Gecko) Chrome/93.0.4577.82 Safari/537.36"
::1 - - [22/Sep/2021:17:45:44 +0200] "-" 408 0 "-" "-"
127.0.0.1 - - [22/Sep/2021:17:51:09 +0200] "GET /cgi-bin/hello.py HTTP/1.1" 200 25119 "-" "curl/7.68.0"
127.0.0.1 - - [22/Sep/2021:17:53:44 +0200] "GET /cgi-bin/hello.py HTTP/1.1" 200 185 "-" "curl/7.68.0"
127.0.0.1 - - [22/Sep/2021:17:53:49 +0200] "GET /cgi-bin/hello.py HTTP/1.1" 200 185 "-" "curl/7.68.0"
127.0.0.1 - - [22/Sep/2021:19:07:45 +0200] "GET /cgi-bin/hello.py HTTP/1.1" 200 152 "-" "curl/7.68.0"
127.0.0.1 - - [22/Sep/2021:19:08:11 +0200] "GET /cgi-bin/hello.py HTTP/1.1" 200 152 "-" "curl/7.68.0"
127.0.0.1 - - [22/Sep/2021:19:08:45 +0200] "GET /cgi-bin/hello.py HTTP/1.1" 200 187 "-" "curl/7.68.0"
127.0.0.1 - - [22/Sep/2021:19:08:48 +0200] "GET /cgi-bin/hello.py HTTP/1.1" 200 187 "-" "curl/7.68.0"
127.0.0.1 - - [22/Sep/2021:19:08:49 +0200] "GET /cgi-bin/hello.py HTTP/1.1" 200 187 "-" "curl/7.68.0"
::1 - - [22/Sep/2021:19:09:07 +0200] "GET /cgi-bin/hello.py HTTP/1.1" 200 630 "-" "Mozilla/5.0 (Windows NT 10.0; Win64; x64) AppleWebKit/537.36 (KHTML, like Gecko) Chrome/93.0.4577.82 Safari/537.36"
::1 - - [22/Sep/2021:19:09:13 +0200] "GET /cgi-bin/hello.py HTTP/1.1" 200 629 "-" "Mozilla/5.0 (Windows NT 10.0; Win64; x64) AppleWebKit/537.36 (KHTML, like Gecko) Chrome/93.0.4577.82 Safari/537.36"
::1 - - [22/Sep/2021:19:09:14 +0200] "GET /cgi-bin/hello.py HTTP/1.1" 200 629 "-" "Mozilla/5.0 (Windows NT 10.0; Win64; x64) AppleWebKit/537.36 (KHTML, like Gecko) Chrome/93.0.4577.82 Safari/537.36"
::1 - - [22/Sep/2021:19:09:14 +0200] "GET /cgi-bin/hello.py HTTP/1.1" 200 628 "-" "Mozilla/5.0 (Windows NT 10.0; Win64; x64) AppleWebKit/537.36 (KHTML, like Gecko) Chrome/93.0.4577.82 Safari/537.36"
::1 - - [22/Sep/2021:19:09:43 +0200] "GET /cgi-bin/hello.py HTTP/1.1" 200 634 "-" "Mozilla/5.0 (Windows NT 10.0; Win64; x64) AppleWebKit/537.36 (KHTML, like Gecko) Chrome/93.0.4577.82 Safari/537.36"
::1 - - [22/Sep/2021:19:09:44 +0200] "GET /cgi-bin/hello.py HTTP/1.1" 200 633 "-" "Mozilla/5.0 (Windows NT 10.0; Win64; x64) AppleWebKit/537.36 (KHTML, like Gecko) Chrome/93.0.4577.82 Safari/537.36"
::1 - - [22/Sep/2021:19:10:03 +0200] "GET /cgi-bin/hello.py HTTP/1.1" 200 624 "-" "Mozilla/5.0 (Windows NT 10.0; Win64; x64) AppleWebKit/537.36 (KHTML, like Gecko) Chrome/93.0.4577.82 Safari/537.36"
::1 - - [22/Sep/2021:19:10:10 +0200] "GET /cgi-bin/hello.py HTTP/1.1" 200 624 "-" "Mozilla/5.0 (Windows NT 10.0; Win64; x64) AppleWebKit/537.36 (KHTML, like Gecko) Chrome/93.0.4577.82 Safari/537.36"
::1 - - [22/Sep/2021:19:10:11 +0200] "GET /cgi-bin/hello.py HTTP/1.1" 200 623 "-" "Mozilla/5.0 (Windows NT 10.0; Win64; x64) AppleWebKit/537.36 (KHTML, like Gecko) Chrome/93.0.4577.82 Safari/537.36"
::1 - - [22/Sep/2021:19:10:12 +0200] "GET /cgi-bin/hello.py HTTP/1.1" 200 623 "-" "Mozilla/5.0 (Windows NT 10.0; Win64; x64) AppleWebKit/537.36 (KHTML, like Gecko) Chrome/93.0.4577.82 Safari/537.36"
::1 - - [22/Sep/2021:19:10:12 +0200] "GET /cgi-bin/hello.py HTTP/1.1" 200 623 "-" "Mozilla/5.0 (Windows NT 10.0; Win64; x64) AppleWebKit/537.36 (KHTML, like Gecko) Chrome/93.0.4577.82 Safari/537.36"
::1 - - [22/Sep/2021:19:10:12 +0200] "GET /cgi-bin/hello.py HTTP/1.1" 200 623 "-" "Mozilla/5.0 (Windows NT 10.0; Win64; x64) AppleWebKit/537.36 (KHTML, like Gecko) Chrome/93.0.4577.82 Safari/537.36"
::1 - - [22/Sep/2021:19:10:13 +0200] "GET /cgi-bin/hello.py HTTP/1.1" 200 623 "-" "Mozilla/5.0 (Windows NT 10.0; Win64; x64) AppleWebKit/537.36 (KHTML, like Gecko) Chrome/93.0.4577.82 Safari/537.36"
::1 - - [22/Sep/2021:19:10:13 +0200] "GET /cgi-bin/hello.py HTTP/1.1" 200 623 "-" "Mozilla/5.0 (Windows NT 10.0; Win64; x64) AppleWebKit/537.36 (KHTML, like Gecko) Chrome/93.0.4577.82 Safari/537.36"
::1 - - [22/Sep/2021:19:10:13 +0200] "GET /cgi-bin/hello.py HTTP/1.1" 200 623 "-" "Mozilla/5.0 (Windows NT 10.0; Win64; x64) AppleWebKit/537.36 (KHTML, like Gecko) Chrome/93.0.4577.82 Safari/537.36"
::1 - - [22/Sep/2021:19:10:14 +0200] "GET /cgi-bin/hello.py HTTP/1.1" 200 623 "-" "Mozilla/5.0 (Windows NT 10.0; Win64; x64) AppleWebKit/537.36 (KHTML, like Gecko) Chrome/93.0.4577.82 Safari/537.36"
::1 - - [22/Sep/2021:19:10:14 +0200] "GET /cgi-bin/hello.py HTTP/1.1" 200 623 "-" "Mozilla/5.0 (Windows NT 10.0; Win64; x64) AppleWebKit/537.36 (KHTML, like Gecko) Chrome/93.0.4577.82 Safari/537.36"
::1 - - [22/Sep/2021:19:10:14 +0200] "GET /cgi-bin/hello.py HTTP/1.1" 200 623 "-" "Mozilla/5.0 (Windows NT 10.0; Win64; x64) AppleWebKit/537.36 (KHTML, like Gecko) Chrome/93.0.4577.82 Safari/537.36"
::1 - - [22/Sep/2021:19:10:15 +0200] "GET /cgi-bin/hello.py HTTP/1.1" 200 623 "-" "Mozilla/5.0 (Windows NT 10.0; Win64; x64) AppleWebKit/537.36 (KHTML, like Gecko) Chrome/93.0.4577.82 Safari/537.36"
::1 - - [22/Sep/2021:19:10:15 +0200] "GET /cgi-bin/hello.py HTTP/1.1" 200 623 "-" "Mozilla/5.0 (Windows NT 10.0; Win64; x64) AppleWebKit/537.36 (KHTML, like Gecko) Chrome/93.0.4577.82 Safari/537.36"
::1 - - [22/Sep/2021:19:10:15 +0200] "GET /cgi-bin/hello.py HTTP/1.1" 200 623 "-" "Mozilla/5.0 (Windows NT 10.0; Win64; x64) AppleWebKit/537.36 (KHTML, like Gecko) Chrome/93.0.4577.82 Safari/537.36"
::1 - - [22/Sep/2021:19:10:16 +0200] "GET /cgi-bin/hello.py HTTP/1.1" 200 623 "-" "Mozilla/5.0 (Windows NT 10.0; Win64; x64) AppleWebKit/537.36 (KHTML, like Gecko) Chrome/93.0.4577.82 Safari/537.36"
::1 - - [22/Sep/2021:19:10:16 +0200] "GET /cgi-bin/hello.py HTTP/1.1" 200 623 "-" "Mozilla/5.0 (Windows NT 10.0; Win64; x64) AppleWebKit/537.36 (KHTML, like Gecko) Chrome/93.0.4577.82 Safari/537.36"
::1 - - [22/Sep/2021:19:10:16 +0200] "GET /cgi-bin/hello.py HTTP/1.1" 200 623 "-" "Mozilla/5.0 (Windows NT 10.0; Win64; x64) AppleWebKit/537.36 (KHTML, like Gecko) Chrome/93.0.4577.82 Safari/537.36"
::1 - - [22/Sep/2021:19:10:16 +0200] "GET /cgi-bin/hello.py HTTP/1.1" 200 623 "-" "Mozilla/5.0 (Windows NT 10.0; Win64; x64) AppleWebKit/537.36 (KHTML, like Gecko) Chrome/93.0.4577.82 Safari/537.36"
::1 - - [22/Sep/2021:19:10:17 +0200] "GET /cgi-bin/hello.py HTTP/1.1" 200 623 "-" "Mozilla/5.0 (Windows NT 10.0; Win64; x64) AppleWebKit/537.36 (KHTML, like Gecko) Chrome/93.0.4577.82 Safari/537.36"
::1 - - [22/Sep/2021:19:10:17 +0200] "GET /cgi-bin/hello.py HTTP/1.1" 200 623 "-" "Mozilla/5.0 (Windows NT 10.0; Win64; x64) AppleWebKit/537.36 (KHTML, like Gecko) Chrome/93.0.4577.82 Safari/537.36"
::1 - - [22/Sep/2021:19:10:18 +0200] "GET /cgi-bin/hello.py HTTP/1.1" 200 623 "-" "Mozilla/5.0 (Windows NT 10.0; Win64; x64) AppleWebKit/537.36 (KHTML, like Gecko) Chrome/93.0.4577.82 Safari/537.36"
::1 - - [22/Sep/2021:19:10:18 +0200] "GET /cgi-bin/hello.py HTTP/1.1" 200 623 "-" "Mozilla/5.0 (Windows NT 10.0; Win64; x64) AppleWebKit/537.36 (KHTML, like Gecko) Chrome/93.0.4577.82 Safari/537.36"
::1 - - [22/Sep/2021:19:10:19 +0200] "GET /cgi-bin/hello.py HTTP/1.1" 200 623 "-" "Mozilla/5.0 (Windows NT 10.0; Win64; x64) AppleWebKit/537.36 (KHTML, like Gecko) Chrome/93.0.4577.82 Safari/537.36"
::1 - - [22/Sep/2021:19:10:19 +0200] "GET /cgi-bin/hello.py HTTP/1.1" 200 623 "-" "Mozilla/5.0 (Windows NT 10.0; Win64; x64) AppleWebKit/537.36 (KHTML, like Gecko) Chrome/93.0.4577.82 Safari/537.36"
::1 - - [22/Sep/2021:19:10:20 +0200] "GET /cgi-bin/hello.py HTTP/1.1" 200 623 "-" "Mozilla/5.0 (Windows NT 10.0; Win64; x64) AppleWebKit/537.36 (KHTML, like Gecko) Chrome/93.0.4577.82 Safari/537.36"
::1 - - [22/Sep/2021:19:10:20 +0200] "GET /cgi-bin/hello.py HTTP/1.1" 200 623 "-" "Mozilla/5.0 (Windows NT 10.0; Win64; x64) AppleWebKit/537.36 (KHTML, like Gecko) Chrome/93.0.4577.82 Safari/537.36"
::1 - - [22/Sep/2021:19:10:21 +0200] "GET /cgi-bin/hello.py HTTP/1.1" 200 623 "-" "Mozilla/5.0 (Windows NT 10.0; Win64; x64) AppleWebKit/537.36 (KHTML, like Gecko) Chrome/93.0.4577.82 Safari/537.36"
::1 - - [22/Sep/2021:19:11:02 +0200] "-" 408 0 "-" "-"
::1 - - [22/Sep/2021:19:11:30 +0200] "GET /cgi-bin/hello.py HTTP/1.1" 200 642 "-" "Mozilla/5.0 (Windows NT 10.0; Win64; x64) AppleWebKit/537.36 (KHTML, like Gecko) Chrome/93.0.4577.82 Safari/537.36"
::1 - - [22/Sep/2021:19:11:31 +0200] "GET /cgi-bin/hello.py HTTP/1.1" 200 645 "-" "Mozilla/5.0 (Windows NT 10.0; Win64; x64) AppleWebKit/537.36 (KHTML, like Gecko) Chrome/93.0.4577.82 Safari/537.36"
::1 - - [22/Sep/2021:19:11:46 +0200] "GET /cgi-bin/hello.py HTTP/1.1" 200 637 "-" "Mozilla/5.0 (Windows NT 10.0; Win64; x64) AppleWebKit/537.36 (KHTML, like Gecko) Chrome/93.0.4577.82 Safari/537.36"
::1 - - [22/Sep/2021:19:11:47 +0200] "GET /cgi-bin/hello.py HTTP/1.1" 200 637 "-" "Mozilla/5.0 (Windows NT 10.0; Win64; x64) AppleWebKit/537.36 (KHTML, like Gecko) Chrome/93.0.4577.82 Safari/537.36"
::1 - - [22/Sep/2021:19:12:38 +0200] "-" 408 0 "-" "-"
::1 - - [22/Sep/2021:19:12:38 +0200] "GET /cgi-bin/hello.py HTTP/1.1" 200 661 "-" "Mozilla/5.0 (Windows NT 10.0; Win64; x64) AppleWebKit/537.36 (KHTML, like Gecko) Chrome/93.0.4577.82 Safari/537.36"
::1 - - [22/Sep/2021:19:13:09 +0200] "GET /cgi-bin/hello.py HTTP/1.1" 200 661 "-" "Mozilla/5.0 (Windows NT 10.0; Win64; x64) AppleWebKit/537.36 (KHTML, like Gecko) Chrome/93.0.4577.82 Safari/537.36"
::1 - - [22/Sep/2021:19:13:30 +0200] "GET /cgi-bin/hello.py HTTP/1.1" 500 799 "-" "Mozilla/5.0 (Windows NT 10.0; Win64; x64) AppleWebKit/537.36 (KHTML, like Gecko) Chrome/93.0.4577.82 Safari/537.36"
::1 - - [22/Sep/2021:19:13:50 +0200] "GET /cgi-bin/hello.py HTTP/1.1" 200 665 "-" "Mozilla/5.0 (Windows NT 10.0; Win64; x64) AppleWebKit/537.36 (KHTML, like Gecko) Chrome/93.0.4577.82 Safari/537.36"
::1 - - [22/Sep/2021:19:13:52 +0200] "GET /cgi-bin/hello.py HTTP/1.1" 200 664 "-" "Mozilla/5.0 (Windows NT 10.0; Win64; x64) AppleWebKit/537.36 (KHTML, like Gecko) Chrome/93.0.4577.82 Safari/537.36"
::1 - - [22/Sep/2021:19:13:52 +0200] "GET /cgi-bin/hello.py HTTP/1.1" 200 664 "-" "Mozilla/5.0 (Windows NT 10.0; Win64; x64) AppleWebKit/537.36 (KHTML, like Gecko) Chrome/93.0.4577.82 Safari/537.36"
::1 - - [22/Sep/2021:19:14:42 +0200] "-" 408 0 "-" "-"
::1 - - [22/Sep/2021:19:14:45 +0200] "GET /cgi-bin/hello.py HTTP/1.1" 200 663 "-" "Mozilla/5.0 (Windows NT 10.0; Win64; x64) AppleWebKit/537.36 (KHTML, like Gecko) Chrome/93.0.4577.82 Safari/537.36"
::1 - - [22/Sep/2021:19:15:03 +0200] "GET /cgi-bin/hello.py HTTP/1.1" 200 668 "-" "Mozilla/5.0 (Windows NT 10.0; Win64; x64) AppleWebKit/537.36 (KHTML, like Gecko) Chrome/93.0.4577.82 Safari/537.36"
::1 - - [22/Sep/2021:19:15:37 +0200] "GET /cgi-bin/hello.py HTTP/1.1" 200 673 "-" "Mozilla/5.0 (Windows NT 10.0; Win64; x64) AppleWebKit/537.36 (KHTML, like Gecko) Chrome/93.0.4577.82 Safari/537.36"
::1 - - [22/Sep/2021:19:15:45 +0200] "GET /cgi-bin/hello.py HTTP/1.1" 200 678 "-" "Mozilla/5.0 (Windows NT 10.0; Win64; x64) AppleWebKit/537.36 (KHTML, like Gecko) Chrome/93.0.4577.82 Safari/537.36"
::1 - - [22/Sep/2021:19:15:46 +0200] "GET /cgi-bin/hello.py HTTP/1.1" 200 677 "-" "Mozilla/5.0 (Windows NT 10.0; Win64; x64) AppleWebKit/537.36 (KHTML, like Gecko) Chrome/93.0.4577.82 Safari/537.36"
::1 - - [22/Sep/2021:19:15:47 +0200] "GET /cgi-bin/hello.py HTTP/1.1" 200 677 "-" "Mozilla/5.0 (Windows NT 10.0; Win64; x64) AppleWebKit/537.36 (KHTML, like Gecko) Chrome/93.0.4577.82 Safari/537.36"
::1 - - [22/Sep/2021:19:15:48 +0200] "GET /cgi-bin/hello.py HTTP/1.1" 200 677 "-" "Mozilla/5.0 (Windows NT 10.0; Win64; x64) AppleWebKit/537.36 (KHTML, like Gecko) Chrome/93.0.4577.82 Safari/537.36"
::1 - - [22/Sep/2021:19:16:37 +0200] "-" 408 0 "-" "-"
::1 - - [22/Sep/2021:19:27:05 +0200] "GET /cgi-bin/hello.py HTTP/1.1" 200 678 "-" "Mozilla/5.0 (Windows NT 10.0; Win64; x64) AppleWebKit/537.36 (KHTML, like Gecko) Chrome/93.0.4577.82 Safari/537.36"
::1 - - [22/Sep/2021:19:27:06 +0200] "GET /cgi-bin/hello.py HTTP/1.1" 200 677 "-" "Mozilla/5.0 (Windows NT 10.0; Win64; x64) AppleWebKit/537.36 (KHTML, like Gecko) Chrome/93.0.4577.82 Safari/537.36"
::1 - - [22/Sep/2021:19:27:27 +0200] "GET /cgi-bin/hello.py HTTP/1.1" 200 678 "-" "Mozilla/5.0 (Windows NT 10.0; Win64; x64) AppleWebKit/537.36 (KHTML, like Gecko) Chrome/93.0.4577.82 Safari/537.36"
::1 - - [22/Sep/2021:19:27:27 +0200] "GET /cgi-bin/hello.py HTTP/1.1" 200 677 "-" "Mozilla/5.0 (Windows NT 10.0; Win64; x64) AppleWebKit/537.36 (KHTML, like Gecko) Chrome/93.0.4577.82 Safari/537.36"
::1 - - [22/Sep/2021:19:27:47 +0200] "GET /cgi-bin/hello.py HTTP/1.1" 200 678 "-" "Mozilla/5.0 (Windows NT 10.0; Win64; x64) AppleWebKit/537.36 (KHTML, like Gecko) Chrome/93.0.4577.82 Safari/537.36"
::1 - - [22/Sep/2021:19:27:48 +0200] "GET /cgi-bin/hello.py HTTP/1.1" 200 678 "-" "Mozilla/5.0 (Windows NT 10.0; Win64; x64) AppleWebKit/537.36 (KHTML, like Gecko) Chrome/93.0.4577.82 Safari/537.36"
::1 - - [22/Sep/2021:19:28:23 +0200] "GET /cgi-bin/hello.py HTTP/1.1" 200 682 "-" "Mozilla/5.0 (Windows NT 10.0; Win64; x64) AppleWebKit/537.36 (KHTML, like Gecko) Chrome/93.0.4577.82 Safari/537.36"
::1 - - [22/Sep/2021:19:28:24 +0200] "GET /cgi-bin/hello.py HTTP/1.1" 200 681 "-" "Mozilla/5.0 (Windows NT 10.0; Win64; x64) AppleWebKit/537.36 (KHTML, like Gecko) Chrome/93.0.4577.82 Safari/537.36"
::1 - - [22/Sep/2021:19:28:30 +0200] "GET /cgi-bin/hello.py HTTP/1.1" 200 824 "-" "Mozilla/5.0 (Windows NT 10.0; Win64; x64) AppleWebKit/537.36 (KHTML, like Gecko) Chrome/93.0.4577.82 Safari/537.36"
::1 - - [22/Sep/2021:19:29:17 +0200] "GET /cgi-bin/hello.py HTTP/1.1" 200 846 "-" "Mozilla/5.0 (Windows NT 10.0; Win64; x64) AppleWebKit/537.36 (KHTML, like Gecko) Chrome/93.0.4577.82 Safari/537.36"
::1 - - [22/Sep/2021:19:30:09 +0200] "-" 408 0 "-" "-"
::1 - - [22/Sep/2021:19:35:55 +0200] "GET /cgi-bin/hello.py HTTP/1.1" 200 631 "-" "Mozilla/5.0 (Windows NT 10.0; Win64; x64) AppleWebKit/537.36 (KHTML, like Gecko) Chrome/93.0.4577.82 Safari/537.36"
::1 - - [22/Sep/2021:19:35:57 +0200] "GET /cgi-bin/hello.py HTTP/1.1" 200 630 "-" "Mozilla/5.0 (Windows NT 10.0; Win64; x64) AppleWebKit/537.36 (KHTML, like Gecko) Chrome/93.0.4577.82 Safari/537.36"
::1 - - [22/Sep/2021:19:36:47 +0200] "-" 408 0 "-" "-"
::1 - - [22/Sep/2021:19:37:35 +0200] "GET /cgi-bin/hello.py HTTP/1.1" 200 631 "-" "Mozilla/5.0 (Windows NT 10.0; Win64; x64) AppleWebKit/537.36 (KHTML, like Gecko) Chrome/93.0.4577.82 Safari/537.36"
::1 - - [22/Sep/2021:19:38:14 +0200] "GET /cgi-bin/hello.py HTTP/1.1" 200 798 "-" "Mozilla/5.0 (Windows NT 10.0; Win64; x64) AppleWebKit/537.36 (KHTML, like Gecko) Chrome/93.0.4577.82 Safari/537.36"
::1 - - [22/Sep/2021:19:39:06 +0200] "-" 408 0 "-" "-"
::1 - - [22/Sep/2021:19:42:54 +0200] "GET /cgi-bin/hello.py HTTP/1.1" 200 798 "-" "Mozilla/5.0 (Windows NT 10.0; Win64; x64) AppleWebKit/537.36 (KHTML, like Gecko) Chrome/93.0.4577.82 Safari/537.36"
::1 - - [22/Sep/2021:19:43:45 +0200] "GET /cgi-bin/hello.py HTTP/1.1" 200 799 "-" "Mozilla/5.0 (Windows NT 10.0; Win64; x64) AppleWebKit/537.36 (KHTML, like Gecko) Chrome/93.0.4577.82 Safari/537.36"
::1 - - [22/Sep/2021:19:43:47 +0200] "GET /cgi-bin/hello.py HTTP/1.1" 200 798 "-" "Mozilla/5.0 (Windows NT 10.0; Win64; x64) AppleWebKit/537.36 (KHTML, like Gecko) Chrome/93.0.4577.82 Safari/537.36"
::1 - - [22/Sep/2021:19:44:37 +0200] "-" 408 0 "-" "-"
::1 - - [22/Sep/2021:19:47:34 +0200] "GET /cgi-bin/hello.py HTTP/1.1" 200 3407 "-" "Mozilla/5.0 (Windows NT 10.0; Win64; x64) AppleWebKit/537.36 (KHTML, like Gecko) Chrome/93.0.4577.82 Safari/537.36"
::1 - - [22/Sep/2021:19:48:16 +0200] "GET /cgi-bin/hello.py HTTP/1.1" 200 883 "-" "Mozilla/5.0 (Windows NT 10.0; Win64; x64) AppleWebKit/537.36 (KHTML, like Gecko) Chrome/93.0.4577.82 Safari/537.36"
::1 - - [22/Sep/2021:19:49:08 +0200] "-" 408 0 "-" "-"
::1 - - [22/Sep/2021:19:49:25 +0200] "GET /cgi-bin/hello.py HTTP/1.1" 200 883 "-" "Mozilla/5.0 (Windows NT 10.0; Win64; x64) AppleWebKit/537.36 (KHTML, like Gecko) Chrome/93.0.4577.82 Safari/537.36"
::1 - - [22/Sep/2021:19:49:27 +0200] "GET /cgi-bin/hello.py HTTP/1.1" 200 882 "-" "Mozilla/5.0 (Windows NT 10.0; Win64; x64) AppleWebKit/537.36 (KHTML, like Gecko) Chrome/93.0.4577.82 Safari/537.36"
::1 - - [22/Sep/2021:19:49:28 +0200] "GET /cgi-bin/hello.py HTTP/1.1" 200 882 "-" "Mozilla/5.0 (Windows NT 10.0; Win64; x64) AppleWebKit/537.36 (KHTML, like Gecko) Chrome/93.0.4577.82 Safari/537.36"
::1 - - [22/Sep/2021:19:49:29 +0200] "GET /cgi-bin/hello.py HTTP/1.1" 200 882 "-" "Mozilla/5.0 (Windows NT 10.0; Win64; x64) AppleWebKit/537.36 (KHTML, like Gecko) Chrome/93.0.4577.82 Safari/537.36"
::1 - - [22/Sep/2021:19:49:30 +0200] "GET /cgi-bin/hello.py HTTP/1.1" 200 882 "-" "Mozilla/5.0 (Windows NT 10.0; Win64; x64) AppleWebKit/537.36 (KHTML, like Gecko) Chrome/93.0.4577.82 Safari/537.36"
::1 - - [22/Sep/2021:19:49:31 +0200] "GET /cgi-bin/hello.py HTTP/1.1" 200 882 "-" "Mozilla/5.0 (Windows NT 10.0; Win64; x64) AppleWebKit/537.36 (KHTML, like Gecko) Chrome/93.0.4577.82 Safari/537.36"
::1 - - [22/Sep/2021:19:49:32 +0200] "GET /cgi-bin/hello.py HTTP/1.1" 200 882 "-" "Mozilla/5.0 (Windows NT 10.0; Win64; x64) AppleWebKit/537.36 (KHTML, like Gecko) Chrome/93.0.4577.82 Safari/537.36"
::1 - - [22/Sep/2021:19:49:33 +0200] "GET /cgi-bin/hello.py HTTP/1.1" 200 882 "-" "Mozilla/5.0 (Windows NT 10.0; Win64; x64) AppleWebKit/537.36 (KHTML, like Gecko) Chrome/93.0.4577.82 Safari/537.36"
::1 - - [22/Sep/2021:19:49:34 +0200] "GET /cgi-bin/hello.py HTTP/1.1" 200 882 "-" "Mozilla/5.0 (Windows NT 10.0; Win64; x64) AppleWebKit/537.36 (KHTML, like Gecko) Chrome/93.0.4577.82 Safari/537.36"
::1 - - [22/Sep/2021:19:49:35 +0200] "GET /cgi-bin/hello.py HTTP/1.1" 200 883 "-" "Mozilla/5.0 (Windows NT 10.0; Win64; x64) AppleWebKit/537.36 (KHTML, like Gecko) Chrome/93.0.4577.82 Safari/537.36"
::1 - - [22/Sep/2021:19:49:36 +0200] "GET /cgi-bin/hello.py HTTP/1.1" 200 883 "-" "Mozilla/5.0 (Windows NT 10.0; Win64; x64) AppleWebKit/537.36 (KHTML, like Gecko) Chrome/93.0.4577.82 Safari/537.36"
::1 - - [22/Sep/2021:19:49:37 +0200] "GET /cgi-bin/hello.py HTTP/1.1" 200 883 "-" "Mozilla/5.0 (Windows NT 10.0; Win64; x64) AppleWebKit/537.36 (KHTML, like Gecko) Chrome/93.0.4577.82 Safari/537.36"
::1 - - [22/Sep/2021:19:49:38 +0200] "GET /cgi-bin/hello.py HTTP/1.1" 200 883 "-" "Mozilla/5.0 (Windows NT 10.0; Win64; x64) AppleWebKit/537.36 (KHTML, like Gecko) Chrome/93.0.4577.82 Safari/537.36"
::1 - - [22/Sep/2021:19:49:38 +0200] "GET /cgi-bin/hello.py HTTP/1.1" 200 883 "-" "Mozilla/5.0 (Windows NT 10.0; Win64; x64) AppleWebKit/537.36 (KHTML, like Gecko) Chrome/93.0.4577.82 Safari/537.36"
::1 - - [22/Sep/2021:19:49:38 +0200] "GET /cgi-bin/hello.py HTTP/1.1" 200 882 "-" "Mozilla/5.0 (Windows NT 10.0; Win64; x64) AppleWebKit/537.36 (KHTML, like Gecko) Chrome/93.0.4577.82 Safari/537.36"
::1 - - [22/Sep/2021:19:49:39 +0200] "GET /cgi-bin/hello.py HTTP/1.1" 200 881 "-" "Mozilla/5.0 (Windows NT 10.0; Win64; x64) AppleWebKit/537.36 (KHTML, like Gecko) Chrome/93.0.4577.82 Safari/537.36"
::1 - - [22/Sep/2021:19:49:39 +0200] "GET /cgi-bin/hello.py HTTP/1.1" 200 882 "-" "Mozilla/5.0 (Windows NT 10.0; Win64; x64) AppleWebKit/537.36 (KHTML, like Gecko) Chrome/93.0.4577.82 Safari/537.36"
::1 - - [22/Sep/2021:19:50:07 +0200] "GET /cgi-bin/hello.py HTTP/1.1" 200 882 "-" "Mozilla/5.0 (Windows NT 10.0; Win64; x64) AppleWebKit/537.36 (KHTML, like Gecko) Chrome/93.0.4577.82 Safari/537.36"
::1 - - [22/Sep/2021:19:50:08 +0200] "GET /cgi-bin/hello.py HTTP/1.1" 200 882 "-" "Mozilla/5.0 (Windows NT 10.0; Win64; x64) AppleWebKit/537.36 (KHTML, like Gecko) Chrome/93.0.4577.82 Safari/537.36"
::1 - - [22/Sep/2021:19:50:08 +0200] "GET /cgi-bin/hello.py HTTP/1.1" 200 882 "-" "Mozilla/5.0 (Windows NT 10.0; Win64; x64) AppleWebKit/537.36 (KHTML, like Gecko) Chrome/93.0.4577.82 Safari/537.36"
::1 - - [22/Sep/2021:19:50:09 +0200] "GET /cgi-bin/hello.py HTTP/1.1" 200 883 "-" "Mozilla/5.0 (Windows NT 10.0; Win64; x64) AppleWebKit/537.36 (KHTML, like Gecko) Chrome/93.0.4577.82 Safari/537.36"
::1 - - [22/Sep/2021:19:50:10 +0200] "GET /cgi-bin/hello.py HTTP/1.1" 200 882 "-" "Mozilla/5.0 (Windows NT 10.0; Win64; x64) AppleWebKit/537.36 (KHTML, like Gecko) Chrome/93.0.4577.82 Safari/537.36"
::1 - - [22/Sep/2021:19:50:59 +0200] "-" 408 0 "-" "-"
::1 - - [22/Sep/2021:19:51:19 +0200] "GET /cgi-bin/hello.py HTTP/1.1" 200 883 "-" "Mozilla/5.0 (Windows NT 10.0; Win64; x64) AppleWebKit/537.36 (KHTML, like Gecko) Chrome/93.0.4577.82 Safari/537.36"
::1 - - [22/Sep/2021:19:51:20 +0200] "GET /cgi-bin/hello.py HTTP/1.1" 200 882 "-" "Mozilla/5.0 (Windows NT 10.0; Win64; x64) AppleWebKit/537.36 (KHTML, like Gecko) Chrome/93.0.4577.82 Safari/537.36"
::1 - - [22/Sep/2021:19:51:20 +0200] "GET /cgi-bin/hello.py HTTP/1.1" 200 883 "-" "Mozilla/5.0 (Windows NT 10.0; Win64; x64) AppleWebKit/537.36 (KHTML, like Gecko) Chrome/93.0.4577.82 Safari/537.36"
::1 - - [22/Sep/2021:19:51:27 +0200] "GET /cgi-bin/hello.py HTTP/1.1" 200 883 "-" "Mozilla/5.0 (Windows NT 10.0; Win64; x64) AppleWebKit/537.36 (KHTML, like Gecko) Chrome/93.0.4577.82 Safari/537.36"
::1 - - [22/Sep/2021:19:51:28 +0200] "GET /cgi-bin/hello.py HTTP/1.1" 200 882 "-" "Mozilla/5.0 (Windows NT 10.0; Win64; x64) AppleWebKit/537.36 (KHTML, like Gecko) Chrome/93.0.4577.82 Safari/537.36"
::1 - - [22/Sep/2021:19:52:14 +0200] "GET /cgi-bin/hello.py HTTP/1.1" 500 799 "-" "Mozilla/5.0 (Windows NT 10.0; Win64; x64) AppleWebKit/537.36 (KHTML, like Gecko) Chrome/93.0.4577.82 Safari/537.36"
::1 - - [22/Sep/2021:19:52:16 +0200] "GET /cgi-bin/hello.py HTTP/1.1" 500 799 "-" "Mozilla/5.0 (Windows NT 10.0; Win64; x64) AppleWebKit/537.36 (KHTML, like Gecko) Chrome/93.0.4577.82 Safari/537.36"
::1 - - [22/Sep/2021:19:52:16 +0200] "GET /cgi-bin/hello.py HTTP/1.1" 500 799 "-" "Mozilla/5.0 (Windows NT 10.0; Win64; x64) AppleWebKit/537.36 (KHTML, like Gecko) Chrome/93.0.4577.82 Safari/537.36"
::1 - - [22/Sep/2021:19:52:17 +0200] "GET /cgi-bin/hello.py HTTP/1.1" 500 799 "-" "Mozilla/5.0 (Windows NT 10.0; Win64; x64) AppleWebKit/537.36 (KHTML, like Gecko) Chrome/93.0.4577.82 Safari/537.36"
::1 - - [22/Sep/2021:19:52:17 +0200] "GET /cgi-bin/hello.py HTTP/1.1" 500 799 "-" "Mozilla/5.0 (Windows NT 10.0; Win64; x64) AppleWebKit/537.36 (KHTML, like Gecko) Chrome/93.0.4577.82 Safari/537.36"
::1 - - [22/Sep/2021:19:52:17 +0200] "GET /cgi-bin/hello.py HTTP/1.1" 500 799 "-" "Mozilla/5.0 (Windows NT 10.0; Win64; x64) AppleWebKit/537.36 (KHTML, like Gecko) Chrome/93.0.4577.82 Safari/537.36"
::1 - - [22/Sep/2021:19:53:10 +0200] "-" 408 0 "-" "-"
::1 - - [22/Sep/2021:19:53:43 +0200] "GET /cgi-bin/hello.py HTTP/1.1" 200 882 "-" "Mozilla/5.0 (Windows NT 10.0; Win64; x64) AppleWebKit/537.36 (KHTML, like Gecko) Chrome/93.0.4577.82 Safari/537.36"
::1 - - [22/Sep/2021:19:54:35 +0200] "-" 408 0 "-" "-"
::1 - - [22/Sep/2021:19:59:47 +0200] "GET /cgi-bin/hello.py HTTP/1.1" 500 799 "-" "Mozilla/5.0 (Windows NT 10.0; Win64; x64) AppleWebKit/537.36 (KHTML, like Gecko) Chrome/93.0.4577.82 Safari/537.36"
::1 - - [22/Sep/2021:19:59:58 +0200] "GET /cgi-bin/hello.py HTTP/1.1" 200 946 "-" "Mozilla/5.0 (Windows NT 10.0; Win64; x64) AppleWebKit/537.36 (KHTML, like Gecko) Chrome/93.0.4577.82 Safari/537.36"
::1 - - [22/Sep/2021:20:00:00 +0200] "GET /cgi-bin/hello.py HTTP/1.1" 200 943 "-" "Mozilla/5.0 (Windows NT 10.0; Win64; x64) AppleWebKit/537.36 (KHTML, like Gecko) Chrome/93.0.4577.82 Safari/537.36"
::1 - - [22/Sep/2021:20:00:02 +0200] "GET /cgi-bin/hello.py HTTP/1.1" 200 945 "-" "Mozilla/5.0 (Windows NT 10.0; Win64; x64) AppleWebKit/537.36 (KHTML, like Gecko) Chrome/93.0.4577.82 Safari/537.36"
::1 - - [22/Sep/2021:20:00:50 +0200] "-" 408 0 "-" "-"
::1 - - [22/Sep/2021:20:05:12 +0200] "GET /cgi-bin/hello.py HTTP/1.1" 200 849 "-" "Mozilla/5.0 (Windows NT 10.0; Win64; x64) AppleWebKit/537.36 (KHTML, like Gecko) Chrome/93.0.4577.82 Safari/537.36"
::1 - - [22/Sep/2021:20:06:05 +0200] "-" 408 0 "-" "-"
::1 - - [22/Sep/2021:20:06:20 +0200] "GET /cgi-bin/hello.py HTTP/1.1" 200 850 "-" "Mozilla/5.0 (Windows NT 10.0; Win64; x64) AppleWebKit/537.36 (KHTML, like Gecko) Chrome/93.0.4577.82 Safari/537.36"
::1 - - [22/Sep/2021:20:06:21 +0200] "GET /cgi-bin/hello.py HTTP/1.1" 200 849 "-" "Mozilla/5.0 (Windows NT 10.0; Win64; x64) AppleWebKit/537.36 (KHTML, like Gecko) Chrome/93.0.4577.82 Safari/537.36"
::1 - - [22/Sep/2021:20:06:30 +0200] "GET /cgi-bin/hello.py HTTP/1.1" 200 648 "-" "Mozilla/5.0 (Windows NT 10.0; Win64; x64) AppleWebKit/537.36 (KHTML, like Gecko) Chrome/93.0.4577.82 Safari/537.36"
::1 - - [22/Sep/2021:20:06:31 +0200] "GET /cgi-bin/hello.py HTTP/1.1" 200 647 "-" "Mozilla/5.0 (Windows NT 10.0; Win64; x64) AppleWebKit/537.36 (KHTML, like Gecko) Chrome/93.0.4577.82 Safari/537.36"
::1 - - [22/Sep/2021:20:07:04 +0200] "GET /cgi-bin/hello.py HTTP/1.1" 200 849 "-" "Mozilla/5.0 (Windows NT 10.0; Win64; x64) AppleWebKit/537.36 (KHTML, like Gecko) Chrome/93.0.4577.82 Safari/537.36"
::1 - - [22/Sep/2021:20:07:56 +0200] "-" 408 0 "-" "-"
::1 - - [22/Sep/2021:20:08:20 +0200] "GET /cgi-bin/hello.py HTTP/1.1" 200 1087 "-" "Mozilla/5.0 (Windows NT 10.0; Win64; x64) AppleWebKit/537.36 (KHTML, like Gecko) Chrome/93.0.4577.82 Safari/537.36"
::1 - - [22/Sep/2021:20:08:41 +0200] "GET /cgi-bin/hello.py HTTP/1.1" 200 1084 "-" "Mozilla/5.0 (Windows NT 10.0; Win64; x64) AppleWebKit/537.36 (KHTML, like Gecko) Chrome/93.0.4577.82 Safari/537.36"
::1 - - [22/Sep/2021:20:09:33 +0200] "-" 408 0 "-" "-"
::1 - - [22/Sep/2021:20:12:34 +0200] "GET /cgi-bin/hello.py HTTP/1.1" 200 1116 "-" "Mozilla/5.0 (Windows NT 10.0; Win64; x64) AppleWebKit/537.36 (KHTML, like Gecko) Chrome/93.0.4577.82 Safari/537.36"
::1 - - [22/Sep/2021:20:12:48 +0200] "GET /cgi-bin/hello.py HTTP/1.1" 200 1121 "-" "Mozilla/5.0 (Windows NT 10.0; Win64; x64) AppleWebKit/537.36 (KHTML, like Gecko) Chrome/93.0.4577.82 Safari/537.36"
::1 - - [22/Sep/2021:20:13:40 +0200] "-" 408 0 "-" "-"
::1 - - [22/Sep/2021:20:14:01 +0200] "GET /cgi-bin/hello.py HTTP/1.1" 200 1086 "-" "Mozilla/5.0 (Windows NT 10.0; Win64; x64) AppleWebKit/537.36 (KHTML, like Gecko) Chrome/93.0.4577.82 Safari/537.36"
::1 - - [22/Sep/2021:20:14:34 +0200] "GET /cgi-bin/hello.py HTTP/1.1" 200 1099 "-" "Mozilla/5.0 (Windows NT 10.0; Win64; x64) AppleWebKit/537.36 (KHTML, like Gecko) Chrome/93.0.4577.82 Safari/537.36"
::1 - - [22/Sep/2021:20:15:26 +0200] "-" 408 0 "-" "-"
::1 - - [22/Sep/2021:20:18:41 +0200] "GET /cgi-bin/hello.py HTTP/1.1" 200 1129 "-" "Mozilla/5.0 (Windows NT 10.0; Win64; x64) AppleWebKit/537.36 (KHTML, like Gecko) Chrome/93.0.4577.82 Safari/537.36"
::1 - - [22/Sep/2021:20:19:12 +0200] "GET /cgi-bin/hello.py HTTP/1.1" 200 1151 "-" "Mozilla/5.0 (Windows NT 10.0; Win64; x64) AppleWebKit/537.36 (KHTML, like Gecko) Chrome/93.0.4577.82 Safari/537.36"
::1 - - [22/Sep/2021:20:19:22 +0200] "GET /cgi-bin/hello.py HTTP/1.1" 200 1151 "-" "Mozilla/5.0 (Windows NT 10.0; Win64; x64) AppleWebKit/537.36 (KHTML, like Gecko) Chrome/93.0.4577.82 Safari/537.36"
::1 - - [22/Sep/2021:20:19:23 +0200] "GET /cgi-bin/hello.py HTTP/1.1" 200 1150 "-" "Mozilla/5.0 (Windows NT 10.0; Win64; x64) AppleWebKit/537.36 (KHTML, like Gecko) Chrome/93.0.4577.82 Safari/537.36"
::1 - - [22/Sep/2021:20:19:24 +0200] "GET /cgi-bin/hello.py HTTP/1.1" 200 1151 "-" "Mozilla/5.0 (Windows NT 10.0; Win64; x64) AppleWebKit/537.36 (KHTML, like Gecko) Chrome/93.0.4577.82 Safari/537.36"
::1 - - [22/Sep/2021:20:19:25 +0200] "GET /cgi-bin/hello.py HTTP/1.1" 200 1149 "-" "Mozilla/5.0 (Windows NT 10.0; Win64; x64) AppleWebKit/537.36 (KHTML, like Gecko) Chrome/93.0.4577.82 Safari/537.36"
::1 - - [22/Sep/2021:20:19:25 +0200] "GET /cgi-bin/hello.py HTTP/1.1" 200 1148 "-" "Mozilla/5.0 (Windows NT 10.0; Win64; x64) AppleWebKit/537.36 (KHTML, like Gecko) Chrome/93.0.4577.82 Safari/537.36"
::1 - - [22/Sep/2021:20:19:26 +0200] "GET /cgi-bin/hello.py HTTP/1.1" 200 1149 "-" "Mozilla/5.0 (Windows NT 10.0; Win64; x64) AppleWebKit/537.36 (KHTML, like Gecko) Chrome/93.0.4577.82 Safari/537.36"
::1 - - [22/Sep/2021:20:19:26 +0200] "GET /cgi-bin/hello.py HTTP/1.1" 200 1151 "-" "Mozilla/5.0 (Windows NT 10.0; Win64; x64) AppleWebKit/537.36 (KHTML, like Gecko) Chrome/93.0.4577.82 Safari/537.36"
::1 - - [22/Sep/2021:20:19:29 +0200] "GET /cgi-bin/hello.py HTTP/1.1" 200 1151 "-" "Mozilla/5.0 (Windows NT 10.0; Win64; x64) AppleWebKit/537.36 (KHTML, like Gecko) Chrome/93.0.4577.82 Safari/537.36"
::1 - - [22/Sep/2021:20:20:15 +0200] "-" 408 0 "-" "-"
::1 - - [22/Sep/2021:20:20:38 +0200] "GET /cgi-bin/hello.py HTTP/1.1" 200 1125 "-" "Mozilla/5.0 (Windows NT 10.0; Win64; x64) AppleWebKit/537.36 (KHTML, like Gecko) Chrome/93.0.4577.82 Safari/537.36"
::1 - - [22/Sep/2021:20:21:01 +0200] "GET /cgi-bin/hello.py HTTP/1.1" 200 1038 "-" "Mozilla/5.0 (Windows NT 10.0; Win64; x64) AppleWebKit/537.36 (KHTML, like Gecko) Chrome/93.0.4577.82 Safari/537.36"
::1 - - [22/Sep/2021:20:21:06 +0200] "GET /cgi-bin/hello.py HTTP/1.1" 200 1038 "-" "Mozilla/5.0 (Windows NT 10.0; Win64; x64) AppleWebKit/537.36 (KHTML, like Gecko) Chrome/93.0.4577.82 Safari/537.36"
::1 - - [22/Sep/2021:20:21:07 +0200] "GET /cgi-bin/hello.py HTTP/1.1" 200 1038 "-" "Mozilla/5.0 (Windows NT 10.0; Win64; x64) AppleWebKit/537.36 (KHTML, like Gecko) Chrome/93.0.4577.82 Safari/537.36"
::1 - - [22/Sep/2021:20:21:31 +0200] "GET /cgi-bin/hello.py HTTP/1.1" 200 1097 "-" "Mozilla/5.0 (Windows NT 10.0; Win64; x64) AppleWebKit/537.36 (KHTML, like Gecko) Chrome/93.0.4577.82 Safari/537.36"
::1 - - [22/Sep/2021:20:22:23 +0200] "-" 408 0 "-" "-"
::1 - - [22/Sep/2021:20:22:33 +0200] "GET /cgi-bin/hello.py HTTP/1.1" 200 1081 "-" "Mozilla/5.0 (Windows NT 10.0; Win64; x64) AppleWebKit/537.36 (KHTML, like Gecko) Chrome/93.0.4577.82 Safari/537.36"
::1 - - [22/Sep/2021:20:23:25 +0200] "-" 408 0 "-" "-"
::1 - - [22/Sep/2021:20:24:19 +0200] "GET /cgi-bin/hello.py HTTP/1.1" 200 1066 "-" "Mozilla/5.0 (Windows NT 10.0; Win64; x64) AppleWebKit/537.36 (KHTML, like Gecko) Chrome/93.0.4577.82 Safari/537.36"
::1 - - [22/Sep/2021:20:25:11 +0200] "-" 408 0 "-" "-"
::1 - - [22/Sep/2021:20:26:04 +0200] "GET /cgi-bin/hello.py HTTP/1.1" 200 1116 "-" "Mozilla/5.0 (Windows NT 10.0; Win64; x64) AppleWebKit/537.36 (KHTML, like Gecko) Chrome/93.0.4577.82 Safari/537.36"
::1 - - [22/Sep/2021:20:26:31 +0200] "GET /cgi-bin/hello.py HTTP/1.1" 200 1009 "-" "Mozilla/5.0 (Windows NT 10.0; Win64; x64) AppleWebKit/537.36 (KHTML, like Gecko) Chrome/93.0.4577.82 Safari/537.36"
::1 - - [22/Sep/2021:20:26:45 +0200] "GET /cgi-bin/hello.py HTTP/1.1" 200 1009 "-" "Mozilla/5.0 (Windows NT 10.0; Win64; x64) AppleWebKit/537.36 (KHTML, like Gecko) Chrome/93.0.4577.82 Safari/537.36"
::1 - - [22/Sep/2021:20:26:45 +0200] "GET /cgi-bin/hello.py HTTP/1.1" 200 1008 "-" "Mozilla/5.0 (Windows NT 10.0; Win64; x64) AppleWebKit/537.36 (KHTML, like Gecko) Chrome/93.0.4577.82 Safari/537.36"
::1 - - [22/Sep/2021:20:26:46 +0200] "GET /cgi-bin/hello.py HTTP/1.1" 200 1008 "-" "Mozilla/5.0 (Windows NT 10.0; Win64; x64) AppleWebKit/537.36 (KHTML, like Gecko) Chrome/93.0.4577.82 Safari/537.36"
::1 - - [22/Sep/2021:20:26:54 +0200] "GET /cgi-bin/script.sh HTTP/1.1" 500 799 "-" "Mozilla/5.0 (Windows NT 10.0; Win64; x64) AppleWebKit/537.36 (KHTML, like Gecko) Chrome/93.0.4577.82 Safari/537.36"
::1 - - [22/Sep/2021:20:26:58 +0200] "GET /cgi-bin/script2.sh HTTP/1.1" 200 244 "-" "Mozilla/5.0 (Windows NT 10.0; Win64; x64) AppleWebKit/537.36 (KHTML, like Gecko) Chrome/93.0.4577.82 Safari/537.36"
::1 - - [22/Sep/2021:20:27:20 +0200] "GET /cgi-bin/script2.sh HTTP/1.1" 200 244 "-" "Mozilla/5.0 (Windows NT 10.0; Win64; x64) AppleWebKit/537.36 (KHTML, like Gecko) Chrome/93.0.4577.82 Safari/537.36"
::1 - - [22/Sep/2021:20:27:20 +0200] "GET /cgi-bin/script2.sh HTTP/1.1" 200 243 "-" "Mozilla/5.0 (Windows NT 10.0; Win64; x64) AppleWebKit/537.36 (KHTML, like Gecko) Chrome/93.0.4577.82 Safari/537.36"
::1 - - [22/Sep/2021:20:27:21 +0200] "GET /cgi-bin/script2.sh HTTP/1.1" 200 243 "-" "Mozilla/5.0 (Windows NT 10.0; Win64; x64) AppleWebKit/537.36 (KHTML, like Gecko) Chrome/93.0.4577.82 Safari/537.36"
::1 - - [22/Sep/2021:20:27:21 +0200] "GET /cgi-bin/script2.sh HTTP/1.1" 200 243 "-" "Mozilla/5.0 (Windows NT 10.0; Win64; x64) AppleWebKit/537.36 (KHTML, like Gecko) Chrome/93.0.4577.82 Safari/537.36"
::1 - - [22/Sep/2021:20:27:21 +0200] "GET /cgi-bin/script2.sh HTTP/1.1" 200 243 "-" "Mozilla/5.0 (Windows NT 10.0; Win64; x64) AppleWebKit/537.36 (KHTML, like Gecko) Chrome/93.0.4577.82 Safari/537.36"
::1 - - [22/Sep/2021:20:27:21 +0200] "GET /cgi-bin/script2.sh HTTP/1.1" 200 243 "-" "Mozilla/5.0 (Windows NT 10.0; Win64; x64) AppleWebKit/537.36 (KHTML, like Gecko) Chrome/93.0.4577.82 Safari/537.36"
::1 - - [22/Sep/2021:20:27:22 +0200] "GET /cgi-bin/script2.sh HTTP/1.1" 200 243 "-" "Mozilla/5.0 (Windows NT 10.0; Win64; x64) AppleWebKit/537.36 (KHTML, like Gecko) Chrome/93.0.4577.82 Safari/537.36"
::1 - - [22/Sep/2021:20:27:25 +0200] "GET /cgi-bin/hello.py HTTP/1.1" 200 1014 "-" "Mozilla/5.0 (Windows NT 10.0; Win64; x64) AppleWebKit/537.36 (KHTML, like Gecko) Chrome/93.0.4577.82 Safari/537.36"
::1 - - [22/Sep/2021:20:27:33 +0200] "GET /cgi-bin/script2.sh HTTP/1.1" 200 244 "-" "Mozilla/5.0 (Windows NT 10.0; Win64; x64) AppleWebKit/537.36 (KHTML, like Gecko) Chrome/93.0.4577.82 Safari/537.36"
::1 - - [22/Sep/2021:20:27:33 +0200] "GET /cgi-bin/script2.sh HTTP/1.1" 200 243 "-" "Mozilla/5.0 (Windows NT 10.0; Win64; x64) AppleWebKit/537.36 (KHTML, like Gecko) Chrome/93.0.4577.82 Safari/537.36"
::1 - - [22/Sep/2021:20:27:33 +0200] "GET /cgi-bin/script2.sh HTTP/1.1" 200 243 "-" "Mozilla/5.0 (Windows NT 10.0; Win64; x64) AppleWebKit/537.36 (KHTML, like Gecko) Chrome/93.0.4577.82 Safari/537.36"
::1 - - [22/Sep/2021:20:27:34 +0200] "GET /cgi-bin/script2.sh HTTP/1.1" 200 243 "-" "Mozilla/5.0 (Windows NT 10.0; Win64; x64) AppleWebKit/537.36 (KHTML, like Gecko) Chrome/93.0.4577.82 Safari/537.36"
::1 - - [22/Sep/2021:20:27:34 +0200] "GET /cgi-bin/script2.sh HTTP/1.1" 200 243 "-" "Mozilla/5.0 (Windows NT 10.0; Win64; x64) AppleWebKit/537.36 (KHTML, like Gecko) Chrome/93.0.4577.82 Safari/537.36"
::1 - - [22/Sep/2021:20:27:34 +0200] "GET /cgi-bin/script2.sh HTTP/1.1" 200 243 "-" "Mozilla/5.0 (Windows NT 10.0; Win64; x64) AppleWebKit/537.36 (KHTML, like Gecko) Chrome/93.0.4577.82 Safari/537.36"
::1 - - [22/Sep/2021:20:27:34 +0200] "GET /cgi-bin/script2.sh HTTP/1.1" 200 243 "-" "Mozilla/5.0 (Windows NT 10.0; Win64; x64) AppleWebKit/537.36 (KHTML, like Gecko) Chrome/93.0.4577.82 Safari/537.36"
::1 - - [22/Sep/2021:20:28:24 +0200] "GET /cgi-bin/hello.py HTTP/1.1" 200 966 "-" "Mozilla/5.0 (Windows NT 10.0; Win64; x64) AppleWebKit/537.36 (KHTML, like Gecko) Chrome/93.0.4577.82 Safari/537.36"
::1 - - [22/Sep/2021:20:29:12 +0200] "GET /cgi-bin/hello.py HTTP/1.1" 200 967 "-" "Mozilla/5.0 (Windows NT 10.0; Win64; x64) AppleWebKit/537.36 (KHTML, like Gecko) Chrome/93.0.4577.82 Safari/537.36"
::1 - - [22/Sep/2021:20:30:04 +0200] "-" 408 0 "-" "-"
::1 - - [22/Sep/2021:20:37:43 +0200] "GET /cgi-bin/hello.py HTTP/1.1" 200 964 "-" "Mozilla/5.0 (Windows NT 10.0; Win64; x64) AppleWebKit/537.36 (KHTML, like Gecko) Chrome/93.0.4577.82 Safari/537.36"
::1 - - [22/Sep/2021:20:37:47 +0200] "GET /cgi-bin/hello.py HTTP/1.1" 200 964 "-" "Mozilla/5.0 (Windows NT 10.0; Win64; x64) AppleWebKit/537.36 (KHTML, like Gecko) Chrome/93.0.4577.82 Safari/537.36"
::1 - - [22/Sep/2021:20:37:50 +0200] "GET /cgi-bin/hello.py HTTP/1.1" 200 964 "-" "Mozilla/5.0 (Windows NT 10.0; Win64; x64) AppleWebKit/537.36 (KHTML, like Gecko) Chrome/93.0.4577.82 Safari/537.36"
::1 - - [22/Sep/2021:20:37:57 +0200] "GET /cgi-bin/hello.py HTTP/1.1" 200 965 "-" "Mozilla/5.0 (Windows NT 10.0; Win64; x64) AppleWebKit/537.36 (KHTML, like Gecko) Chrome/93.0.4577.82 Safari/537.36"
::1 - - [22/Sep/2021:20:38:12 +0200] "GET /cgi-bin/hello.py HTTP/1.1" 200 966 "-" "Mozilla/5.0 (Windows NT 10.0; Win64; x64) AppleWebKit/537.36 (KHTML, like Gecko) Chrome/93.0.4577.82 Safari/537.36"
::1 - - [22/Sep/2021:20:38:13 +0200] "GET /cgi-bin/hello.py HTTP/1.1" 200 964 "-" "Mozilla/5.0 (Windows NT 10.0; Win64; x64) AppleWebKit/537.36 (KHTML, like Gecko) Chrome/93.0.4577.82 Safari/537.36"
::1 - - [22/Sep/2021:20:38:14 +0200] "GET /cgi-bin/hello.py HTTP/1.1" 200 965 "-" "Mozilla/5.0 (Windows NT 10.0; Win64; x64) AppleWebKit/537.36 (KHTML, like Gecko) Chrome/93.0.4577.82 Safari/537.36"
::1 - - [22/Sep/2021:20:38:44 +0200] "GET /cgi-bin/hello.py HTTP/1.1" 200 965 "-" "Mozilla/5.0 (Windows NT 10.0; Win64; x64) AppleWebKit/537.36 (KHTML, like Gecko) Chrome/93.0.4577.82 Safari/537.36"
::1 - - [22/Sep/2021:20:38:44 +0200] "GET /cgi-bin/hello.py HTTP/1.1" 200 964 "-" "Mozilla/5.0 (Windows NT 10.0; Win64; x64) AppleWebKit/537.36 (KHTML, like Gecko) Chrome/93.0.4577.82 Safari/537.36"
::1 - - [22/Sep/2021:20:38:45 +0200] "GET /cgi-bin/hello.py HTTP/1.1" 200 965 "-" "Mozilla/5.0 (Windows NT 10.0; Win64; x64) AppleWebKit/537.36 (KHTML, like Gecko) Chrome/93.0.4577.82 Safari/537.36"
::1 - - [22/Sep/2021:20:38:46 +0200] "GET /cgi-bin/hello.py HTTP/1.1" 200 964 "-" "Mozilla/5.0 (Windows NT 10.0; Win64; x64) AppleWebKit/537.36 (KHTML, like Gecko) Chrome/93.0.4577.82 Safari/537.36"
::1 - - [22/Sep/2021:20:38:47 +0200] "GET /cgi-bin/hello.py HTTP/1.1" 200 965 "-" "Mozilla/5.0 (Windows NT 10.0; Win64; x64) AppleWebKit/537.36 (KHTML, like Gecko) Chrome/93.0.4577.82 Safari/537.36"
::1 - - [22/Sep/2021:20:39:06 +0200] "GET /cgi-bin/script2.sh HTTP/1.1" 200 244 "-" "Mozilla/5.0 (Windows NT 10.0; Win64; x64) AppleWebKit/537.36 (KHTML, like Gecko) Chrome/93.0.4577.82 Safari/537.36"
::1 - - [22/Sep/2021:20:39:06 +0200] "GET /cgi-bin/script2.sh HTTP/1.1" 200 243 "-" "Mozilla/5.0 (Windows NT 10.0; Win64; x64) AppleWebKit/537.36 (KHTML, like Gecko) Chrome/93.0.4577.82 Safari/537.36"
::1 - - [22/Sep/2021:20:39:07 +0200] "GET /cgi-bin/script2.sh HTTP/1.1" 200 243 "-" "Mozilla/5.0 (Windows NT 10.0; Win64; x64) AppleWebKit/537.36 (KHTML, like Gecko) Chrome/93.0.4577.82 Safari/537.36"
::1 - - [22/Sep/2021:20:39:07 +0200] "GET /cgi-bin/script2.sh HTTP/1.1" 200 243 "-" "Mozilla/5.0 (Windows NT 10.0; Win64; x64) AppleWebKit/537.36 (KHTML, like Gecko) Chrome/93.0.4577.82 Safari/537.36"
::1 - - [22/Sep/2021:20:39:07 +0200] "GET /cgi-bin/script2.sh HTTP/1.1" 200 243 "-" "Mozilla/5.0 (Windows NT 10.0; Win64; x64) AppleWebKit/537.36 (KHTML, like Gecko) Chrome/93.0.4577.82 Safari/537.36"
::1 - - [22/Sep/2021:20:39:08 +0200] "GET /cgi-bin/script2.sh HTTP/1.1" 200 243 "-" "Mozilla/5.0 (Windows NT 10.0; Win64; x64) AppleWebKit/537.36 (KHTML, like Gecko) Chrome/93.0.4577.82 Safari/537.36"
::1 - - [22/Sep/2021:20:39:08 +0200] "GET /cgi-bin/script2.sh HTTP/1.1" 200 243 "-" "Mozilla/5.0 (Windows NT 10.0; Win64; x64) AppleWebKit/537.36 (KHTML, like Gecko) Chrome/93.0.4577.82 Safari/537.36"
::1 - - [22/Sep/2021:20:39:09 +0200] "GET /cgi-bin/script2.sh HTTP/1.1" 200 243 "-" "Mozilla/5.0 (Windows NT 10.0; Win64; x64) AppleWebKit/537.36 (KHTML, like Gecko) Chrome/93.0.4577.82 Safari/537.36"
::1 - - [22/Sep/2021:20:39:15 +0200] "GET /cgi-bin/hello.py HTTP/1.1" 200 964 "-" "Mozilla/5.0 (Windows NT 10.0; Win64; x64) AppleWebKit/537.36 (KHTML, like Gecko) Chrome/93.0.4577.82 Safari/537.36"
::1 - - [22/Sep/2021:20:39:47 +0200] "GET /helloEngNoha HTTP/1.1" 404 488 "-" "Mozilla/5.0 (Windows NT 10.0; Win64; x64) AppleWebKit/537.36 (KHTML, like Gecko) Chrome/93.0.4577.82 Safari/537.36"
::1 - - [22/Sep/2021:20:39:54 +0200] "GET /cgi-bin/hello.py HTTP/1.1" 200 975 "-" "Mozilla/5.0 (Windows NT 10.0; Win64; x64) AppleWebKit/537.36 (KHTML, like Gecko) Chrome/93.0.4577.82 Safari/537.36"
::1 - - [22/Sep/2021:20:40:46 +0200] "-" 408 0 "-" "-"
::1 - - [05/Oct/2021:10:31:16 +0200] "\x16\x03\x01\x02" 400 491 "-" "-"
::1 - - [05/Oct/2021:10:31:16 +0200] "\x16\x03\x01\x02" 400 491 "-" "-"
::1 - - [05/Oct/2021:10:31:16 +0200] "\x16\x03\x01\x02" 400 491 "-" "-"
::1 - - [05/Oct/2021:10:31:16 +0200] "\x16\x03\x01\x02" 400 491 "-" "-"
::1 - - [05/Oct/2021:10:31:16 +0200] "\x16\x03\x01\x02" 400 491 "-" "-"
::1 - - [05/Oct/2021:10:31:16 +0200] "\x16\x03\x01\x02" 400 491 "-" "-"
::1 - - [05/Oct/2021:10:31:25 +0200] "GET /cgi-bin/hello.py HTTP/1.1" 200 986 "-" "Mozilla/5.0 (Windows NT 10.0; Win64; x64) AppleWebKit/537.36 (KHTML, like Gecko) Chrome/94.0.4606.71 Safari/537.36"
::1 - - [05/Oct/2021:10:31:26 +0200] "GET /favicon.ico HTTP/1.1" 404 487 "http://localhost/cgi-bin/hello.py" "Mozilla/5.0 (Windows NT 10.0; Win64; x64) AppleWebKit/537.36 (KHTML, like Gecko) Chrome/94.0.4606.71 Safari/537.36"
::1 - - [05/Oct/2021:10:32:17 +0200] "-" 408 0 "-" "-"
